This is pdfTeX, Version 3.14159265-2.6-1.40.16 (MiKTeX 2.9) (preloaded format=pdflatex 2016.4.17)  21 APR 2016 14:11
entering extended mode
**D:/GitHub/Exjobbsrapport-SecondVersion/Exjobbs-rapport/Chap3/VIKTOR-GUMMESSON
-chap3.tex

(D:/GitHub/Exjobbsrapport-SecondVersion/Exjobbs-rapport/Chap3/VIKTOR-GUMMESSON-
chap3.tex
LaTeX2e <2015/10/01> patch level 2
Babel <3.9n> and hyphenation patterns for 69 languages loaded.
(kth-mag.cls
Document Class: kth-mag 2004/12/14 v2.1 Document Class for KTH Theses
(memoir.cls
Document Class: memoir 2004/04/05 v1.61 configurable document class
\onelineskip=\skip41
\lxvchars=\skip42
\xlvchars=\skip43
\@memcnta=\count79
\stockheight=\skip44
\stockwidth=\skip45
\trimtop=\skip46
\trimedge=\skip47
(mem11.clo
File: mem11.clo 2002/07/27 v0.2 memoir class 11pt size option
)
\spinemargin=\skip48
\foremargin=\skip49
\uppermargin=\skip50
\lowermargin=\skip51
\headdrop=\skip52
\normalrulethickness=\skip53
\headwidth=\skip54
\c@storedpagenumber=\count80
\thanksmarkwidth=\skip55
\thanksmarksep=\skip56
\droptitle=\skip57
\abstitleskip=\skip58
\absleftindent=\skip59
\absrightindent=\skip60
\absparindent=\skip61
\absparsep=\skip62
\c@part=\count81
\c@chapter=\count82
\c@section=\count83
\c@subsection=\count84
\c@subsubsection=\count85
\c@paragraph=\count86
\c@subparagraph=\count87
\beforechapskip=\skip63
\midchapskip=\skip64
\afterchapskip=\skip65
\chapindent=\skip66
\bottomsectionskip=\skip67
\secindent=\skip68
\beforesecskip=\skip69
\aftersecskip=\skip70
\subsecindent=\skip71
\beforesubsecskip=\skip72
\aftersubsecskip=\skip73
\subsubsecindent=\skip74
\beforesubsubsecskip=\skip75
\aftersubsubsecskip=\skip76
\paraindent=\skip77
\beforeparaskip=\skip78
\afterparaskip=\skip79
\subparaindent=\skip80
\beforesubparaskip=\skip81
\aftersubparaskip=\skip82
\pfbreakskip=\skip83
\c@@ppsavesec=\count88
\c@@ppsaveapp=\count89
\ragrparindent=\dimen102
\parsepi=\skip84
\topsepi=\skip85
\itemsepi=\skip86
\parsepii=\skip87
\topsepii=\skip88
\topsepiii=\skip89
\m@msavetopsep=\skip90
\m@msavepartopsep=\skip91
\@enLab=\toks14
\c@vslineno=\count90
\c@poemline=\count91
\c@modulo@vs=\count92
\vleftskip=\skip92
\vrightskip=\skip93
\stanzaskip=\skip94
\versewidth=\skip95
\vgap=\skip96
\vindent=\skip97
\c@verse=\count93
\c@chrsinstr=\count94
\beforepoemtitleskip=\skip98
\afterpoemtitleskip=\skip99
\col@sep=\dimen103
\extrarowheight=\dimen104
\NC@list=\toks15
\extratabsurround=\skip100
\backup@length=\skip101
\TX@col@width=\dimen105
\TX@old@table=\dimen106
\TX@old@col=\dimen107
\TX@target=\dimen108
\TX@delta=\dimen109
\TX@cols=\count95
\TX@ftn=\toks16
\heavyrulewidth=\dimen110
\lightrulewidth=\dimen111
\cmidrulewidth=\dimen112
\belowrulesep=\dimen113
\belowbottomsep=\dimen114
\aboverulesep=\dimen115
\abovetopsep=\dimen116
\cmidrulesep=\dimen117
\cmidrulekern=\dimen118
\defaultaddspace=\dimen119
\@cmidla=\count96
\@cmidlb=\count97
\@aboverulesep=\dimen120
\@belowrulesep=\dimen121
\@thisruleclass=\count98
\@lastruleclass=\count99
\@thisrulewidth=\dimen122
\ctableftskip=\skip102
\ctabrightskip=\skip103
\abovecolumnspenalty=\count100
\@linestogo=\count101
\@cellstogo=\count102
\@cellsincolumn=\count103
\crtok=\toks17
\@mincolumnwidth=\dimen123
\c@newflo@tctr=\count104
\@contcwidth=\skip104
\@contindw=\skip105
\abovecaptionskip=\skip106
\belowcaptionskip=\skip107
\subfloattopskip=\skip108
\subfloatcapskip=\skip109
\subfloatcaptopadj=\skip110
\subfloatbottomskip=\skip111
\subfloatlabelskip=\skip112
\subfloatcapmargin=\dimen124
\c@@contsubnum=\count105
\beforeepigraphskip=\skip113
\afterepigraphskip=\skip114
\epigraphwidth=\skip115
\epigraphrule=\skip116
LaTeX Info: Redefining \emph on input line 4419.
LaTeX Info: Redefining \em on input line 4420.
\tocentryskip=\skip117
\tocbaseline=\skip118
\cftparskip=\skip119
\cftbeforepartskip=\skip120
\cftpartindent=\skip121
\cftpartnumwidth=\skip122
\cftbeforechapterskip=\skip123
\cftchapterindent=\skip124
\cftchapternumwidth=\skip125
\cftbeforesectionskip=\skip126
\cftsectionindent=\skip127
\cftsectionnumwidth=\skip128
\cftbeforesubsectionskip=\skip129
\cftsubsectionindent=\skip130
\cftsubsectionnumwidth=\skip131
\cftbeforesubsubsectionskip=\skip132
\cftsubsubsectionindent=\skip133
\cftsubsubsectionnumwidth=\skip134
\cftbeforeparagraphskip=\skip135
\cftparagraphindent=\skip136
\cftparagraphnumwidth=\skip137
\cftbeforesubparagraphskip=\skip138
\cftsubparagraphindent=\skip139
\cftsubparagraphnumwidth=\skip140
\c@maxsecnumdepth=\count106
\bibindent=\dimen125
\bibitemsep=\skip141
\indexcolsep=\skip142
\indexrule=\skip143
\indexmarkstyle=\toks18
\@indexbox=\insert199
\sideparvshift=\skip144
\sideins=\insert198
\sidebarhsep=\skip145
\sidebarvsep=\skip146
\sidebarwidth=\skip147
\footmarkwidth=\skip148
\footmarksep=\skip149
\footparindent=\skip150
\footinsdim=\skip151
\footinsv@r=\insert197
\@mpfootinsv@r=\insert196
\m@m@k=\count107
\m@m@h=\dimen126
\m@mipn@skip=\skip152
\c@sheetsequence=\count108
\c@lastsheet=\count109
\c@lastpage=\count110
\every@verbatim=\toks19
\afterevery@verbatim=\toks20
\verbatim@line=\toks21
\tab@position=\count111
\verbatim@in@stream=\read1
\verbatimindent=\skip153
\verbatim@out=\write3
\bvboxsep=\skip154
\c@bvlinectr=\count112
\bvnumlength=\skip155
\FrameRule=\dimen127
\FrameSep=\dimen128
\c@cp@cntr=\count113
LaTeX Info: Redefining \: on input line 7541.
LaTeX Info: Redefining \! on input line 7543.
LaTeX Info: Redefining \textsubscript on input line 7552.

memoir.cls:7555: LaTeX Error: Command \@textsubscript already defined.
               Or name \end... illegal, see p.192 of the manual.

See the LaTeX manual or LaTeX Companion for explanation.
Type  H <return>  for immediate help
Your command was ignored.
Type  I <command> <return>  to replace it with another command,
or  <return>  to continue without it.

\c@ism@mctr=\count114
\c@xsm@mctr=\count115
\c@csm@mctr=\count116
\c@ksm@mctr=\count117
\c@xksm@mctr=\count118
\c@cksm@mctr=\count119
\c@msm@mctr=\count120
\c@xmsm@mctr=\count121
\c@cmsm@mctr=\count122
\c@bsm@mctr=\count123
\c@workm@mctr=\count124
\c@figure=\count125
\c@lofdepth=\count126
\c@lofdepth=\count126
\cftbeforefigureskip=\skip156
\cftfigureindent=\skip157
\cftfigurenumwidth=\skip158
\c@table=\count126
\c@lotdepth=\count127
\c@lotdepth=\count127
\cftbeforetableskip=\skip159
\cfttableindent=\skip160
\cfttablenumwidth=\skip161
 (mempatch.sty
File: mempatch.sty 2005/02/01 v3.5 Patches for memoir class v1.61
\abs@leftindent=\dimen129
LaTeX Info: Redefining \em on input line 142.
LaTeX Info: Redefining \em on input line 384.
LaTeX Info: Redefining \emph on input line 392.
))

******************************************************
Stock height and width: 845.04684pt by 597.50787pt
Top and edge trims: 0.0pt and 0.0pt
Page height and width: 845.04684pt by 597.50787pt
Text height and width: 595.80026pt by 396.0pt
Spine and edge margins: 100.75394pt and 100.75394pt
Upper and lower margins: 128.52342pt and 120.72316pt
Headheight and headsep: 13.6pt and 19.8738pt
Footskip: 27.46295pt
Columnsep and columnseprule: 10.0pt and 0.0pt
Marginparsep and marginparwidth: 7.0pt and 101.0pt
******************************************************

) ("C:\Program Files (x86)\MiKTeX 2.9\tex\latex\base\fontenc.sty"
Package: fontenc 2005/09/27 v1.99g Standard LaTeX package
 ("C:\Program Files (x86)\MiKTeX 2.9\tex\latex\base\t1enc.def"
File: t1enc.def 2005/09/27 v1.99g Standard LaTeX file
LaTeX Font Info:    Redeclaring font encoding T1 on input line 48.
))
("C:\Program Files (x86)\MiKTeX 2.9\tex\latex\base\textcomp.sty"
Package: textcomp 2005/09/27 v1.99g Standard LaTeX package
Package textcomp Info: Sub-encoding information:
(textcomp)               5 = only ISO-Adobe without \textcurrency
(textcomp)               4 = 5 + \texteuro
(textcomp)               3 = 4 + \textohm
(textcomp)               2 = 3 + \textestimated + \textcurrency
(textcomp)               1 = TS1 - \textcircled - \t
(textcomp)               0 = TS1 (full)
(textcomp)             Font families with sub-encoding setting implement
(textcomp)             only a restricted character set as indicated.
(textcomp)             Family '?' is the default used for unknown fonts.
(textcomp)             See the documentation for details.
Package textcomp Info: Setting ? sub-encoding to TS1/1 on input line 79.
 ("C:\Program Files (x86)\MiKTeX 2.9\tex\latex\base\ts1enc.def"
File: ts1enc.def 2001/06/05 v3.0e (jk/car/fm) Standard LaTeX file
)
LaTeX Info: Redefining \oldstylenums on input line 334.
Package textcomp Info: Setting cmr sub-encoding to TS1/0 on input line 349.
Package textcomp Info: Setting cmss sub-encoding to TS1/0 on input line 350.
Package textcomp Info: Setting cmtt sub-encoding to TS1/0 on input line 351.
Package textcomp Info: Setting cmvtt sub-encoding to TS1/0 on input line 352.
Package textcomp Info: Setting cmbr sub-encoding to TS1/0 on input line 353.
Package textcomp Info: Setting cmtl sub-encoding to TS1/0 on input line 354.
Package textcomp Info: Setting ccr sub-encoding to TS1/0 on input line 355.
Package textcomp Info: Setting ptm sub-encoding to TS1/4 on input line 356.
Package textcomp Info: Setting pcr sub-encoding to TS1/4 on input line 357.
Package textcomp Info: Setting phv sub-encoding to TS1/4 on input line 358.
Package textcomp Info: Setting ppl sub-encoding to TS1/3 on input line 359.
Package textcomp Info: Setting pag sub-encoding to TS1/4 on input line 360.
Package textcomp Info: Setting pbk sub-encoding to TS1/4 on input line 361.
Package textcomp Info: Setting pnc sub-encoding to TS1/4 on input line 362.
Package textcomp Info: Setting pzc sub-encoding to TS1/4 on input line 363.
Package textcomp Info: Setting bch sub-encoding to TS1/4 on input line 364.
Package textcomp Info: Setting put sub-encoding to TS1/5 on input line 365.
Package textcomp Info: Setting uag sub-encoding to TS1/5 on input line 366.
Package textcomp Info: Setting ugq sub-encoding to TS1/5 on input line 367.
Package textcomp Info: Setting ul8 sub-encoding to TS1/4 on input line 368.
Package textcomp Info: Setting ul9 sub-encoding to TS1/4 on input line 369.
Package textcomp Info: Setting augie sub-encoding to TS1/5 on input line 370.
Package textcomp Info: Setting dayrom sub-encoding to TS1/3 on input line 371.
Package textcomp Info: Setting dayroms sub-encoding to TS1/3 on input line 372.

Package textcomp Info: Setting pxr sub-encoding to TS1/0 on input line 373.
Package textcomp Info: Setting pxss sub-encoding to TS1/0 on input line 374.
Package textcomp Info: Setting pxtt sub-encoding to TS1/0 on input line 375.
Package textcomp Info: Setting txr sub-encoding to TS1/0 on input line 376.
Package textcomp Info: Setting txss sub-encoding to TS1/0 on input line 377.
Package textcomp Info: Setting txtt sub-encoding to TS1/0 on input line 378.
Package textcomp Info: Setting lmr sub-encoding to TS1/0 on input line 379.
Package textcomp Info: Setting lmdh sub-encoding to TS1/0 on input line 380.
Package textcomp Info: Setting lmss sub-encoding to TS1/0 on input line 381.
Package textcomp Info: Setting lmssq sub-encoding to TS1/0 on input line 382.
Package textcomp Info: Setting lmvtt sub-encoding to TS1/0 on input line 383.
Package textcomp Info: Setting lmtt sub-encoding to TS1/0 on input line 384.
Package textcomp Info: Setting qhv sub-encoding to TS1/0 on input line 385.
Package textcomp Info: Setting qag sub-encoding to TS1/0 on input line 386.
Package textcomp Info: Setting qbk sub-encoding to TS1/0 on input line 387.
Package textcomp Info: Setting qcr sub-encoding to TS1/0 on input line 388.
Package textcomp Info: Setting qcs sub-encoding to TS1/0 on input line 389.
Package textcomp Info: Setting qpl sub-encoding to TS1/0 on input line 390.
Package textcomp Info: Setting qtm sub-encoding to TS1/0 on input line 391.
Package textcomp Info: Setting qzc sub-encoding to TS1/0 on input line 392.
Package textcomp Info: Setting qhvc sub-encoding to TS1/0 on input line 393.
Package textcomp Info: Setting futs sub-encoding to TS1/4 on input line 394.
Package textcomp Info: Setting futx sub-encoding to TS1/4 on input line 395.
Package textcomp Info: Setting futj sub-encoding to TS1/4 on input line 396.
Package textcomp Info: Setting hlh sub-encoding to TS1/3 on input line 397.
Package textcomp Info: Setting hls sub-encoding to TS1/3 on input line 398.
Package textcomp Info: Setting hlst sub-encoding to TS1/3 on input line 399.
Package textcomp Info: Setting hlct sub-encoding to TS1/5 on input line 400.
Package textcomp Info: Setting hlx sub-encoding to TS1/5 on input line 401.
Package textcomp Info: Setting hlce sub-encoding to TS1/5 on input line 402.
Package textcomp Info: Setting hlcn sub-encoding to TS1/5 on input line 403.
Package textcomp Info: Setting hlcw sub-encoding to TS1/5 on input line 404.
Package textcomp Info: Setting hlcf sub-encoding to TS1/5 on input line 405.
Package textcomp Info: Setting pplx sub-encoding to TS1/3 on input line 406.
Package textcomp Info: Setting pplj sub-encoding to TS1/3 on input line 407.
Package textcomp Info: Setting ptmx sub-encoding to TS1/4 on input line 408.
Package textcomp Info: Setting ptmj sub-encoding to TS1/4 on input line 409.
) ("C:\Program Files (x86)\MiKTeX 2.9\tex\latex\lm\lmodern.sty"
Package: lmodern 2009/10/30 v1.6 Latin Modern Fonts
LaTeX Font Info:    Overwriting symbol font `operators' in version `normal'
(Font)                  OT1/cmr/m/n --> OT1/lmr/m/n on input line 22.
LaTeX Font Info:    Overwriting symbol font `letters' in version `normal'
(Font)                  OML/cmm/m/it --> OML/lmm/m/it on input line 23.
LaTeX Font Info:    Overwriting symbol font `symbols' in version `normal'
(Font)                  OMS/cmsy/m/n --> OMS/lmsy/m/n on input line 24.
LaTeX Font Info:    Overwriting symbol font `largesymbols' in version `normal'
(Font)                  OMX/cmex/m/n --> OMX/lmex/m/n on input line 25.
LaTeX Font Info:    Overwriting symbol font `operators' in version `bold'
(Font)                  OT1/cmr/bx/n --> OT1/lmr/bx/n on input line 26.
LaTeX Font Info:    Overwriting symbol font `letters' in version `bold'
(Font)                  OML/cmm/b/it --> OML/lmm/b/it on input line 27.
LaTeX Font Info:    Overwriting symbol font `symbols' in version `bold'
(Font)                  OMS/cmsy/b/n --> OMS/lmsy/b/n on input line 28.
LaTeX Font Info:    Overwriting symbol font `largesymbols' in version `bold'
(Font)                  OMX/cmex/m/n --> OMX/lmex/m/n on input line 29.
LaTeX Font Info:    Overwriting math alphabet `\mathbf' in version `normal'
(Font)                  OT1/cmr/bx/n --> OT1/lmr/bx/n on input line 31.
LaTeX Font Info:    Overwriting math alphabet `\mathsf' in version `normal'
(Font)                  OT1/cmss/m/n --> OT1/lmss/m/n on input line 32.
LaTeX Font Info:    Overwriting math alphabet `\mathit' in version `normal'
(Font)                  OT1/cmr/m/it --> OT1/lmr/m/it on input line 33.
LaTeX Font Info:    Overwriting math alphabet `\mathtt' in version `normal'
(Font)                  OT1/cmtt/m/n --> OT1/lmtt/m/n on input line 34.
LaTeX Font Info:    Overwriting math alphabet `\mathbf' in version `bold'
(Font)                  OT1/cmr/bx/n --> OT1/lmr/bx/n on input line 35.
LaTeX Font Info:    Overwriting math alphabet `\mathsf' in version `bold'
(Font)                  OT1/cmss/bx/n --> OT1/lmss/bx/n on input line 36.
LaTeX Font Info:    Overwriting math alphabet `\mathit' in version `bold'
(Font)                  OT1/cmr/bx/it --> OT1/lmr/bx/it on input line 37.
LaTeX Font Info:    Overwriting math alphabet `\mathtt' in version `bold'
(Font)                  OT1/cmtt/m/n --> OT1/lmtt/m/n on input line 38.
)
("C:\Program Files (x86)\MiKTeX 2.9\tex\latex\amsmath\amsmath.sty"
Package: amsmath 2013/01/14 v2.14 AMS math features
\@mathmargin=\skip162
For additional information on amsmath, use the `?' option.

("C:\Program Files (x86)\MiKTeX 2.9\tex\latex\amsmath\amstext.sty"
Package: amstext 2000/06/29 v2.01

("C:\Program Files (x86)\MiKTeX 2.9\tex\latex\amsmath\amsgen.sty"
File: amsgen.sty 1999/11/30 v2.0
\@emptytoks=\toks22
\ex@=\dimen130
))
("C:\Program Files (x86)\MiKTeX 2.9\tex\latex\amsmath\amsbsy.sty"
Package: amsbsy 1999/11/29 v1.2d
\pmbraise@=\dimen131
)
("C:\Program Files (x86)\MiKTeX 2.9\tex\latex\amsmath\amsopn.sty"
Package: amsopn 1999/12/14 v2.01 operator names
)
\inf@bad=\count127
LaTeX Info: Redefining \frac on input line 210.
\uproot@=\count128
\leftroot@=\count129
LaTeX Info: Redefining \overline on input line 306.
\classnum@=\count130
\DOTSCASE@=\count131
LaTeX Info: Redefining \ldots on input line 378.
LaTeX Info: Redefining \dots on input line 381.
LaTeX Info: Redefining \cdots on input line 466.
\Mathstrutbox@=\box26
\strutbox@=\box27
\big@size=\dimen132
LaTeX Font Info:    Redeclaring font encoding OML on input line 566.
LaTeX Font Info:    Redeclaring font encoding OMS on input line 567.
\macc@depth=\count132
\c@MaxMatrixCols=\count133
\dotsspace@=\muskip10
\c@parentequation=\count134
\dspbrk@lvl=\count135
\tag@help=\toks23
\row@=\count136
\column@=\count137
\maxfields@=\count138
\andhelp@=\toks24
\eqnshift@=\dimen133
\alignsep@=\dimen134
\tagshift@=\dimen135
\tagwidth@=\dimen136
\totwidth@=\dimen137
\lineht@=\dimen138
\@envbody=\toks25
\multlinegap=\skip163
\multlinetaggap=\skip164
\mathdisplay@stack=\toks26
LaTeX Info: Redefining \[ on input line 2665.
LaTeX Info: Redefining \] on input line 2666.
)
("C:\Program Files (x86)\MiKTeX 2.9\tex\latex\base\inputenc.sty"
Package: inputenc 2015/03/17 v1.2c Input encoding file
\inpenc@prehook=\toks27
\inpenc@posthook=\toks28
 ("C:\Program Files (x86)\MiKTeX 2.9\tex\latex\base\latin1.def"
File: latin1.def 2015/03/17 v1.2c Input encoding file
))
("C:\Program Files (x86)\MiKTeX 2.9\tex\generic\babel\babel.sty"
Package: babel 2016/01/08 3.9n The Babel package
*************************************
* Local config file bblopts.cfg used
*

("C:\Program Files (x86)\MiKTeX 2.9\tex\latex\00miktex\bblopts.cfg"
File: bblopts.cfg 2006/07/31 v1.0 MiKTeX 'babel' configuration
)
("C:\Program Files (x86)\MiKTeX 2.9\tex\latex\babel-swedish\swedish.ldf"
Language: swedish 2005/03/31 v2.3d Swedish support from the babel system

("C:\Program Files (x86)\MiKTeX 2.9\tex\generic\babel\babel.def"
File: babel.def 2016/01/08 3.9n Babel common definitions
\babel@savecnt=\count139
\U@D=\dimen139
)
Package babel Info: Making " an active character on input line 90.
)
("C:\Program Files (x86)\MiKTeX 2.9\tex\latex\babel-english\english.ldf"
Language: english 2012/08/20 v3.3p English support from the babel system
\l@canadian = a dialect from \language\l@american 
\l@australian = a dialect from \language\l@british 
\l@newzealand = a dialect from \language\l@british 
))
("C:\Program Files (x86)\MiKTeX 2.9\tex\latex\enumitem\enumitem.sty"
Package: enumitem 2011/09/28 v3.5.2 Customized lists
\enitkv@toks@=\toks29
\labelindent=\skip165
\enit@outerparindent=\dimen140
\enit@toks=\toks30
\enit@inbox=\box28
\enitdp@description=\count140
)
("C:\Program Files (x86)\MiKTeX 2.9\tex\latex\appendix\appendix.sty"
Package: appendix 2009/09/02 v1.2b extra appendix facilities
\c@@pps=\count141


C:\Program Files (x86)\MiKTeX 2.9\tex\latex\appendix\appendix.sty:71: LaTeX Err
or: Command \c@@ppsavesec already defined.
               Or name \end... illegal, see p.192 of the manual.

See the LaTeX manual or LaTeX Companion for explanation.
Type  H <return>  for immediate help
Your command was ignored.
Type  I <command> <return>  to replace it with another command,
or  <return>  to continue without it.



C:\Program Files (x86)\MiKTeX 2.9\tex\latex\appendix\appendix.sty:72: LaTeX Err
or: Command \c@@ppsaveapp already defined.
               Or name \end... illegal, see p.192 of the manual.

See the LaTeX manual or LaTeX Companion for explanation.
Type  H <return>  for immediate help
Your command was ignored.
Type  I <command> <return>  to replace it with another command,
or  <return>  to continue without it.



C:\Program Files (x86)\MiKTeX 2.9\tex\latex\appendix\appendix.sty:76: LaTeX Err
or: Command \@ppsavesec already defined.
               Or name \end... illegal, see p.192 of the manual.

See the LaTeX manual or LaTeX Companion for explanation.
Type  H <return>  for immediate help
Your command was ignored.
Type  I <command> <return>  to replace it with another command,
or  <return>  to continue without it.



C:\Program Files (x86)\MiKTeX 2.9\tex\latex\appendix\appendix.sty:79: LaTeX Err
or: Command \@pprestoresec already defined.
               Or name \end... illegal, see p.192 of the manual.

See the LaTeX manual or LaTeX Companion for explanation.
Type  H <return>  for immediate help
Your command was ignored.
Type  I <command> <return>  to replace it with another command,
or  <return>  to continue without it.



C:\Program Files (x86)\MiKTeX 2.9\tex\latex\appendix\appendix.sty:82: LaTeX Err
or: Command \@ppsaveapp already defined.
               Or name \end... illegal, see p.192 of the manual.

See the LaTeX manual or LaTeX Companion for explanation.
Type  H <return>  for immediate help
Your command was ignored.
Type  I <command> <return>  to replace it with another command,
or  <return>  to continue without it.



C:\Program Files (x86)\MiKTeX 2.9\tex\latex\appendix\appendix.sty:85: LaTeX Err
or: Command \restoreapp already defined.
               Or name \end... illegal, see p.192 of the manual.

See the LaTeX manual or LaTeX Companion for explanation.
Type  H <return>  for immediate help
Your command was ignored.
Type  I <command> <return>  to replace it with another command,
or  <return>  to continue without it.



C:\Program Files (x86)\MiKTeX 2.9\tex\latex\appendix\appendix.sty:87: LaTeX Err
or: Command \appendixtocname already defined.
               Or name \end... illegal, see p.192 of the manual.

See the LaTeX manual or LaTeX Companion for explanation.
Type  H <return>  for immediate help
Your command was ignored.
Type  I <command> <return>  to replace it with another command,
or  <return>  to continue without it.



C:\Program Files (x86)\MiKTeX 2.9\tex\latex\appendix\appendix.sty:88: LaTeX Err
or: Command \appendixpagename already defined.
               Or name \end... illegal, see p.192 of the manual.

See the LaTeX manual or LaTeX Companion for explanation.
Type  H <return>  for immediate help
Your command was ignored.
Type  I <command> <return>  to replace it with another command,
or  <return>  to continue without it.



C:\Program Files (x86)\MiKTeX 2.9\tex\latex\appendix\appendix.sty:91: LaTeX Err
or: Command \appendixpage already defined.
               Or name \end... illegal, see p.192 of the manual.

See the LaTeX manual or LaTeX Companion for explanation.
Type  H <return>  for immediate help
Your command was ignored.
Type  I <command> <return>  to replace it with another command,
or  <return>  to continue without it.



C:\Program Files (x86)\MiKTeX 2.9\tex\latex\appendix\appendix.sty:169: LaTeX Er
ror: Command \addappheadtotoc already defined.
               Or name \end... illegal, see p.192 of the manual.

See the LaTeX manual or LaTeX Companion for explanation.
Type  H <return>  for immediate help
Your command was ignored.
Type  I <command> <return>  to replace it with another command,
or  <return>  to continue without it.



C:\Program Files (x86)\MiKTeX 2.9\tex\latex\appendix\appendix.sty:194: LaTeX Er
ror: Command \@resets@pp already defined.
               Or name \end... illegal, see p.192 of the manual.

See the LaTeX manual or LaTeX Companion for explanation.
Type  H <return>  for immediate help
Your command was ignored.
Type  I <command> <return>  to replace it with another command,
or  <return>  to continue without it.



C:\Program Files (x86)\MiKTeX 2.9\tex\latex\appendix\appendix.sty:233: LaTeX Er
ror: Command \appendices already defined.
               Or name \end... illegal, see p.192 of the manual.

See the LaTeX manual or LaTeX Companion for explanation.
Type  H <return>  for immediate help
Your command was ignored.
Type  I <command> <return>  to replace it with another command,
or  <return>  to continue without it.



C:\Program Files (x86)\MiKTeX 2.9\tex\latex\appendix\appendix.sty:235: LaTeX Er
ror: Command \setthesection already defined.
               Or name \end... illegal, see p.192 of the manual.

See the LaTeX manual or LaTeX Companion for explanation.
Type  H <return>  for immediate help
Your command was ignored.
Type  I <command> <return>  to replace it with another command,
or  <return>  to continue without it.



C:\Program Files (x86)\MiKTeX 2.9\tex\latex\appendix\appendix.sty:255: LaTeX Er
ror: Command \@resets@ppsub already defined.
               Or name \end... illegal, see p.192 of the manual.

See the LaTeX manual or LaTeX Companion for explanation.
Type  H <return>  for immediate help
Your command was ignored.
Type  I <command> <return>  to replace it with another command,
or  <return>  to continue without it.



C:\Program Files (x86)\MiKTeX 2.9\tex\latex\appendix\appendix.sty:273: LaTeX Er
ror: Command \subappendices already defined.
               Or name \end... illegal, see p.192 of the manual.

See the LaTeX manual or LaTeX Companion for explanation.
Type  H <return>  for immediate help
Your command was ignored.
Type  I <command> <return>  to replace it with another command,
or  <return>  to continue without it.



C:\Program Files (x86)\MiKTeX 2.9\tex\latex\appendix\appendix.sty:280: LaTeX Er
ror: Command \@formatsecmark@pp already defined.
               Or name \end... illegal, see p.192 of the manual.

See the LaTeX manual or LaTeX Companion for explanation.
Type  H <return>  for immediate help
Your command was ignored.
Type  I <command> <return>  to replace it with another command,
or  <return>  to continue without it.

)
("C:\Program Files (x86)\MiKTeX 2.9\tex\latex\graphics\graphicx.sty"
Package: graphicx 2014/10/28 v1.0g Enhanced LaTeX Graphics (DPC,SPQR)

("C:\Program Files (x86)\MiKTeX 2.9\tex\latex\graphics\keyval.sty"
Package: keyval 2014/10/28 v1.15 key=value parser (DPC)
\KV@toks@=\toks31
)
("C:\Program Files (x86)\MiKTeX 2.9\tex\latex\graphics\graphics.sty"
Package: graphics 2014/10/28 v1.0p Standard LaTeX Graphics (DPC,SPQR)

("C:\Program Files (x86)\MiKTeX 2.9\tex\latex\graphics\trig.sty"
Package: trig 1999/03/16 v1.09 sin cos tan (DPC)
)
("C:\Program Files (x86)\MiKTeX 2.9\tex\latex\00miktex\graphics.cfg"
File: graphics.cfg 2007/01/18 v1.5 graphics configuration of teTeX/TeXLive
)
Package graphics Info: Driver file: pdftex.def on input line 94.

("C:\Program Files (x86)\MiKTeX 2.9\tex\latex\pdftex-def\pdftex.def"
File: pdftex.def 2011/05/27 v0.06d Graphics/color for pdfTeX

("C:\Program Files (x86)\MiKTeX 2.9\tex\generic\oberdiek\infwarerr.sty"
Package: infwarerr 2010/04/08 v1.3 Providing info/warning/error messages (HO)
)
("C:\Program Files (x86)\MiKTeX 2.9\tex\generic\oberdiek\ltxcmds.sty"
Package: ltxcmds 2011/11/09 v1.22 LaTeX kernel commands for general use (HO)
)
\Gread@gobject=\count142
))
\Gin@req@height=\dimen141
\Gin@req@width=\dimen142
)
("C:\Program Files (x86)\MiKTeX 2.9\tex\latex\xcolor\xcolor.sty"
Package: xcolor 2007/01/21 v2.11 LaTeX color extensions (UK)

("C:\Program Files (x86)\MiKTeX 2.9\tex\latex\00miktex\color.cfg"
File: color.cfg 2007/01/18 v1.5 color configuration of teTeX/TeXLive
)
Package xcolor Info: Driver file: pdftex.def on input line 225.
Package xcolor Info: Model `cmy' substituted by `cmy0' on input line 1337.
Package xcolor Info: Model `hsb' substituted by `rgb' on input line 1341.
Package xcolor Info: Model `RGB' extended on input line 1353.
Package xcolor Info: Model `HTML' substituted by `rgb' on input line 1355.
Package xcolor Info: Model `Hsb' substituted by `hsb' on input line 1356.
Package xcolor Info: Model `tHsb' substituted by `hsb' on input line 1357.
Package xcolor Info: Model `HSB' substituted by `hsb' on input line 1358.
Package xcolor Info: Model `Gray' substituted by `gray' on input line 1359.
Package xcolor Info: Model `wave' substituted by `hsb' on input line 1360.
)
("C:\Program Files (x86)\MiKTeX 2.9\tex\latex\listings\listings.sty"
\lst@mode=\count143
\lst@gtempboxa=\box29
\lst@token=\toks32
\lst@length=\count144
\lst@currlwidth=\dimen143
\lst@column=\count145
\lst@pos=\count146
\lst@lostspace=\dimen144
\lst@width=\dimen145
\lst@newlines=\count147
\lst@lineno=\count148
\lst@maxwidth=\dimen146

("C:\Program Files (x86)\MiKTeX 2.9\tex\latex\listings\lstmisc.sty"
File: lstmisc.sty 2015/06/04 1.6 (Carsten Heinz)
\c@lstnumber=\count149
\lst@skipnumbers=\count150
\lst@framebox=\box30
)
("C:\Program Files (x86)\MiKTeX 2.9\tex\latex\listings\listings.cfg"
File: listings.cfg 2015/06/04 1.6 listings configuration
))
Package: listings 2015/06/04 1.6 (Carsten Heinz)

("C:\Program Files (x86)\MiKTeX 2.9\tex\latex\attachfile\attachfile.sty"
Package: attachfile 2015/11/11 v1.8 PDF 1.3+ file attachment

("C:\Program Files (x86)\MiKTeX 2.9\tex\generic\oberdiek\ifpdf.sty"
Package: ifpdf 2011/01/30 v2.3 Provides the ifpdf switch (HO)


C:\Program Files (x86)\MiKTeX 2.9\tex\generic\oberdiek\ifpdf.sty:173: Package i
fpdf Error: Name clash, \ifpdf is already defined.

See the ifpdf package documentation for explanation.
Type  H <return>  for immediate help
Incompatible versions of \ifpdf can cause problems,
therefore package loading is aborted.

)
("C:\Program Files (x86)\MiKTeX 2.9\tex\latex\tools\calc.sty"
Package: calc 2014/10/28 v4.3 Infix arithmetic (KKT,FJ)
\calc@Acount=\count151
\calc@Bcount=\count152
\calc@Adimen=\dimen147
\calc@Bdimen=\dimen148
\calc@Askip=\skip166
\calc@Bskip=\skip167
LaTeX Info: Redefining \setlength on input line 80.
LaTeX Info: Redefining \addtolength on input line 81.
\calc@Ccount=\count153
\calc@Cskip=\skip168
)
("C:\Program Files (x86)\MiKTeX 2.9\tex\latex\hyperref\hyperref.sty"
Package: hyperref 2012/11/06 v6.83m Hypertext links for LaTeX

("C:\Program Files (x86)\MiKTeX 2.9\tex\generic\oberdiek\hobsub-hyperref.sty"
Package: hobsub-hyperref 2012/04/25 v1.12 Bundle oberdiek, subset hyperref (HO)


("C:\Program Files (x86)\MiKTeX 2.9\tex\generic\oberdiek\hobsub-generic.sty"
Package: hobsub-generic 2012/04/25 v1.12 Bundle oberdiek, subset generic (HO)
Package: hobsub 2012/04/25 v1.12 Construct package bundles (HO)
Package hobsub Info: Skipping package `infwarerr' (already loaded).
Package hobsub Info: Skipping package `ltxcmds' (already loaded).
Package: ifluatex 2010/03/01 v1.3 Provides the ifluatex switch (HO)
Package ifluatex Info: LuaTeX not detected.
Package: ifvtex 2010/03/01 v1.5 Detect VTeX and its facilities (HO)
Package ifvtex Info: VTeX not detected.
Package: intcalc 2007/09/27 v1.1 Expandable calculations with integers (HO)
Package hobsub Info: Skipping package `ifpdf' (already loaded).
Package: etexcmds 2011/02/16 v1.5 Avoid name clashes with e-TeX commands (HO)
Package etexcmds Info: Could not find \expanded.
(etexcmds)             That can mean that you are not using pdfTeX 1.50 or
(etexcmds)             that some package has redefined \expanded.
(etexcmds)             In the latter case, load this package earlier.
Package: kvsetkeys 2012/04/25 v1.16 Key value parser (HO)
Package: kvdefinekeys 2011/04/07 v1.3 Define keys (HO)
Package: pdftexcmds 2011/11/29 v0.20 Utility functions of pdfTeX for LuaTeX (HO
)
Package pdftexcmds Info: LuaTeX not detected.
Package pdftexcmds Info: \pdf@primitive is available.
Package pdftexcmds Info: \pdf@ifprimitive is available.
Package pdftexcmds Info: \pdfdraftmode found.
Package: pdfescape 2011/11/25 v1.13 Implements pdfTeX's escape features (HO)
Package: bigintcalc 2012/04/08 v1.3 Expandable calculations on big integers (HO
)
Package: bitset 2011/01/30 v1.1 Handle bit-vector datatype (HO)
Package: uniquecounter 2011/01/30 v1.2 Provide unlimited unique counter (HO)
)
Package hobsub Info: Skipping package `hobsub' (already loaded).
Package: letltxmacro 2010/09/02 v1.4 Let assignment for LaTeX macros (HO)
Package: hopatch 2011/06/24 v1.1 Wrapper for package hooks (HO)
Package: xcolor-patch 2011/01/30 xcolor patch
Package: atveryend 2011/06/30 v1.8 Hooks at the very end of document (HO)
Package atveryend Info: \enddocument detected (standard20110627).
Package: atbegshi 2011/10/05 v1.16 At begin shipout hook (HO)
Package: refcount 2011/10/16 v3.4 Data extraction from label references (HO)
Package: hycolor 2011/01/30 v1.7 Color options for hyperref/bookmark (HO)
)
("C:\Program Files (x86)\MiKTeX 2.9\tex\generic\ifxetex\ifxetex.sty"
Package: ifxetex 2010/09/12 v0.6 Provides ifxetex conditional
)
("C:\Program Files (x86)\MiKTeX 2.9\tex\latex\oberdiek\auxhook.sty"
Package: auxhook 2011/03/04 v1.3 Hooks for auxiliary files (HO)
)
("C:\Program Files (x86)\MiKTeX 2.9\tex\latex\oberdiek\kvoptions.sty"
Package: kvoptions 2011/06/30 v3.11 Key value format for package options (HO)
)
\@linkdim=\dimen149
\Hy@linkcounter=\count154
\Hy@pagecounter=\count155

("C:\Program Files (x86)\MiKTeX 2.9\tex\latex\hyperref\pd1enc.def"
File: pd1enc.def 2012/11/06 v6.83m Hyperref: PDFDocEncoding definition (HO)
)
\Hy@SavedSpaceFactor=\count156

("C:\Program Files (x86)\MiKTeX 2.9\tex\latex\00miktex\hyperref.cfg"
File: hyperref.cfg 2002/06/06 v1.2 hyperref configuration of TeXLive
)
Package hyperref Info: Hyper figures OFF on input line 4443.
Package hyperref Info: Link nesting OFF on input line 4448.
Package hyperref Info: Hyper index ON on input line 4451.
Package hyperref Info: Plain pages OFF on input line 4458.
Package hyperref Info: Backreferencing OFF on input line 4463.
Package hyperref Info: Implicit mode ON; LaTeX internals redefined.
Package hyperref Info: Bookmarks ON on input line 4688.
\c@Hy@tempcnt=\count157

("C:\Program Files (x86)\MiKTeX 2.9\tex\latex\url\url.sty"
\Urlmuskip=\muskip11
Package: url 2013/09/16  ver 3.4  Verb mode for urls, etc.
)
LaTeX Info: Redefining \url on input line 5041.
\XeTeXLinkMargin=\dimen150
\Fld@menulength=\count158
\Field@Width=\dimen151
\Fld@charsize=\dimen152
Package hyperref Info: Hyper figures OFF on input line 6295.
Package hyperref Info: Link nesting OFF on input line 6300.
Package hyperref Info: Hyper index ON on input line 6303.
Package hyperref Info: backreferencing OFF on input line 6310.
Package hyperref Info: Link coloring OFF on input line 6315.
Package hyperref Info: Link coloring with OCG OFF on input line 6320.
Package hyperref Info: PDF/A mode OFF on input line 6325.
LaTeX Info: Redefining \ref on input line 6365.
LaTeX Info: Redefining \pageref on input line 6369.
\Hy@abspage=\count159
\c@Item=\count160
\c@Hfootnote=\count161
)
(memhfixc.sty
Package: memhfixc 2004/05/13 v1.6 package fixes for memoir class
)

Package hyperref Message: Driver (autodetected): hpdftex.


("C:\Program Files (x86)\MiKTeX 2.9\tex\latex\hyperref\hpdftex.def"
File: hpdftex.def 2012/11/06 v6.83m Hyperref driver for pdfTeX
\Fld@listcount=\count162
\c@bookmark@seq@number=\count163

("C:\Program Files (x86)\MiKTeX 2.9\tex\latex\oberdiek\rerunfilecheck.sty"
Package: rerunfilecheck 2011/04/15 v1.7 Rerun checks for auxiliary files (HO)
Package uniquecounter Info: New unique counter `rerunfilecheck' on input line 2
82.
)
\Hy@SectionHShift=\skip169
)
\c@atfi@tmp=\count164
\atfi@appearancewidth=\skip170
\atfi@appearanceheight=\skip171
\atfi@appearancedepth=\skip172
\atfi@appearancebox=\box31
)
("C:\Program Files (x86)\MiKTeX 2.9\tex\latex\listings\lstlang1.sty"
File: lstlang1.sty 2015/06/04 1.6 listings language file
)
(modifications.sty
Package: modifications 2005/10/21
)
(D:\GitHub\Exjobbsrapport-SecondVersion\Exjobbs-rapport\Chap3\build\VIKTOR-GUMM
ESSON-chap3.aux)
\openout1 = `VIKTOR-GUMMESSON-chap3.aux'.

LaTeX Font Info:    Checking defaults for OML/cmm/m/it on input line 46.
LaTeX Font Info:    ... okay on input line 46.
LaTeX Font Info:    Checking defaults for T1/cmr/m/n on input line 46.
LaTeX Font Info:    ... okay on input line 46.
LaTeX Font Info:    Checking defaults for OT1/cmr/m/n on input line 46.
LaTeX Font Info:    ... okay on input line 46.
LaTeX Font Info:    Checking defaults for OMS/cmsy/m/n on input line 46.
LaTeX Font Info:    ... okay on input line 46.
LaTeX Font Info:    Checking defaults for OMX/cmex/m/n on input line 46.
LaTeX Font Info:    ... okay on input line 46.
LaTeX Font Info:    Checking defaults for U/cmr/m/n on input line 46.
LaTeX Font Info:    ... okay on input line 46.
LaTeX Font Info:    Checking defaults for TS1/cmr/m/n on input line 46.
LaTeX Font Info:    Try loading font information for TS1+cmr on input line 46.

("C:\Program Files (x86)\MiKTeX 2.9\tex\latex\base\ts1cmr.fd"
File: ts1cmr.fd 2014/09/29 v2.5h Standard LaTeX font definitions
)
LaTeX Font Info:    ... okay on input line 46.
LaTeX Font Info:    Checking defaults for PD1/pdf/m/n on input line 46.
LaTeX Font Info:    ... okay on input line 46.
LaTeX Font Info:    Try loading font information for T1+lmr on input line 46.

("C:\Program Files (x86)\MiKTeX 2.9\tex\latex\lm\t1lmr.fd"
File: t1lmr.fd 2009/10/30 v1.6 Font defs for Latin Modern
)
\c@lofdepth=\count165
\c@lotdepth=\count166

("C:\Program Files (x86)\MiKTeX 2.9\tex\context\base\supp-pdf.mkii"
[Loading MPS to PDF converter (version 2006.09.02).]
\scratchcounter=\count167
\scratchdimen=\dimen153
\scratchbox=\box32
\nofMPsegments=\count168
\nofMParguments=\count169
\everyMPshowfont=\toks33
\MPscratchCnt=\count170
\MPscratchDim=\dimen154
\MPnumerator=\count171
\makeMPintoPDFobject=\count172
\everyMPtoPDFconversion=\toks34
)
\c@lstlisting=\count173
\AtBeginShipoutBox=\box33
Package hyperref Info: Link coloring OFF on input line 46.

("C:\Program Files (x86)\MiKTeX 2.9\tex\latex\hyperref\nameref.sty"
Package: nameref 2012/10/27 v2.43 Cross-referencing by name of section

("C:\Program Files (x86)\MiKTeX 2.9\tex\generic\oberdiek\gettitlestring.sty"
Package: gettitlestring 2010/12/03 v1.4 Cleanup title references (HO)
)
\c@section@level=\count174
)
LaTeX Info: Redefining \ref on input line 46.
LaTeX Info: Redefining \pageref on input line 46.
LaTeX Info: Redefining \nameref on input line 46.

(D:\GitHub\Exjobbsrapport-SecondVersion\Exjobbs-rapport\Chap3\build\VIKTOR-GUMM
ESSON-chap3.out)
(D:\GitHub\Exjobbsrapport-SecondVersion\Exjobbs-rapport\Chap3\build\VIKTOR-GUMM
ESSON-chap3.out)
\@outlinefile=\write4
\openout4 = `VIKTOR-GUMMESSON-chap3.out'.

LaTeX Font Info:    Try loading font information for T1+lmss on input line 51.

("C:\Program Files (x86)\MiKTeX 2.9\tex\latex\lm\t1lmss.fd"
File: t1lmss.fd 2009/10/30 v1.6 Font defs for Latin Modern
)
<kth_svv_comp_science_comm.pdf, id=231, 410.53375pt x 468.75125pt>
File: kth_svv_comp_science_comm.pdf Graphic file (type pdf)

<use kth_svv_comp_science_comm.pdf>
Package pdftex.def Info: kth_svv_comp_science_comm.pdf used on input line 51.
(pdftex.def)             Requested size: 410.53275pt x 468.75009pt.

D:/GitHub/Exjobbsrapport-SecondVersion/Exjobbs-rapport/Chap3/VIKTOR-GUMMESSON-c
hap3.tex:51: Undefined control sequence
The control sequence at the end of the top line
of your error message was never \def'ed. If you have
misspelled it (e.g., `\hobx'), type `I' and the correct
spelling (e.g., `I\hbox'). Otherwise just continue,
and I'll forget about whatever was undefined.

 [1


{C:/Users/Viktor Gummesson/AppData/Local/MiKTeX/2.9/pdftex/config/pdftex.map} <
./kth_svv_comp_science_comm.pdf>] [2

]
LaTeX Font Info:    Try loading font information for OT1+lmr on input line 52.

("C:\Program Files (x86)\MiKTeX 2.9\tex\latex\lm\ot1lmr.fd"
File: ot1lmr.fd 2009/10/30 v1.6 Font defs for Latin Modern
)
LaTeX Font Info:    Try loading font information for OML+lmm on input line 52.

("C:\Program Files (x86)\MiKTeX 2.9\tex\latex\lm\omllmm.fd"
File: omllmm.fd 2009/10/30 v1.6 Font defs for Latin Modern
)
LaTeX Font Info:    Try loading font information for OMS+lmsy on input line 52.


("C:\Program Files (x86)\MiKTeX 2.9\tex\latex\lm\omslmsy.fd"
File: omslmsy.fd 2009/10/30 v1.6 Font defs for Latin Modern
)
LaTeX Font Info:    Try loading font information for OMX+lmex on input line 52.


("C:\Program Files (x86)\MiKTeX 2.9\tex\latex\lm\omxlmex.fd"
File: omxlmex.fd 2009/10/30 v1.6 Font defs for Latin Modern
)
LaTeX Font Info:    External font `lmex10' loaded for size
(Font)              <10.95> on input line 52.
LaTeX Font Info:    External font `lmex10' loaded for size
(Font)              <8> on input line 52.
LaTeX Font Info:    External font `lmex10' loaded for size
(Font)              <6> on input line 52.
 [3]
LaTeX Font Info:    External font `lmex10' loaded for size
(Font)              <10> on input line 61.
LaTeX Font Info:    External font `lmex10' loaded for size
(Font)              <7> on input line 61.
LaTeX Font Info:    External font `lmex10' loaded for size
(Font)              <5> on input line 61.
pdfTeX warning (ext4): destination with the same identifier (name{page.}) has b
een already used, duplicate ignored
<to be read again> 
                   \relax 
l.66 \clearpage
                [4

]
(D:\GitHub\Exjobbsrapport-SecondVersion\Exjobbs-rapport\Chap3\build\VIKTOR-GUMM
ESSON-chap3.tocpdfTeX warning (ext4): destination with the same identifier (nam
e{page.}) has been already used, duplicate ignored
<to be read again> 
                   \relax 
l.44 ... from library tests}{26}{subsection.4.1.2}
                                                   [5

])pdfTeX warning (ext4): destination with the same identifier (name{page.}) has
 been already used, duplicate ignored
<to be read again> 
                   \relax 
l.69 \pagestyle
               {newchap} [6] [1


]
LaTeX Font Info:    Try loading font information for TS1+lmr on input line 94.

("C:\Program Files (x86)\MiKTeX 2.9\tex\latex\lm\ts1lmr.fd"
File: ts1lmr.fd 2009/10/30 v1.6 Font defs for Latin Modern
) [2]
<Pics/HairBallGraph.png, id=339, 1027.84pt x 1027.84pt>
File: Pics/HairBallGraph.png Graphic file (type png)
 <use Pics/HairBallGraph.png>
Package pdftex.def Info: Pics/HairBallGraph.png used on input line 111.
(pdftex.def)             Requested size: 411.12872pt x 411.12872pt.

Overfull \hbox (15.12872pt too wide) in paragraph at lines 111--112
 [][] 
 []

 [3 <./Pics/HairBallGraph.png>]
Underfull \hbox (badness 10000) in paragraph at lines 117--125

 []


Underfull \hbox (badness 10000) in paragraph at lines 117--125

 []


Underfull \hbox (badness 10000) in paragraph at lines 117--125

 []


Underfull \hbox (badness 10000) in paragraph at lines 117--125

 []

 [4]
<Pics/ForceDirectedEx1.png, id=354, 1003.75pt x 1003.75pt>
File: Pics/ForceDirectedEx1.png Graphic file (type png)
 <use Pics/ForceDirectedEx1.png>
Package pdftex.def Info: Pics/ForceDirectedEx1.png used on input line 142.
(pdftex.def)             Requested size: 301.12732pt x 301.12732pt.
 [5

]
D:/GitHub/Exjobbsrapport-SecondVersion/Exjobbs-rapport/Chap3/VIKTOR-GUMMESSON-c
hap3.tex:156: Missing number, treated as zero
A number should have been here; I inserted `0'.
(If you can't figure out why I needed to see a number,
look up `weird error' in the index to The TeXbook.)


D:/GitHub/Exjobbsrapport-SecondVersion/Exjobbs-rapport/Chap3/VIKTOR-GUMMESSON-c
hap3.tex:156: Illegal unit of measure (pt inserted)
Dimensions can be in units of em, ex, in, pt, pc,
cm, mm, dd, cc, nd, nc, bp, or sp; but yours is a new one!
I'll assume that you meant to say pt, for printer's points.
To recover gracefully from this error, it's best to
delete the erroneous units; e.g., type `2' to delete
two letters. (See Chapter 27 of The TeXbook.)


D:/GitHub/Exjobbsrapport-SecondVersion/Exjobbs-rapport/Chap3/VIKTOR-GUMMESSON-c
hap3.tex:159: Missing $ inserted
I've inserted something that you may have forgotten.
(See the <inserted text> above.)
With luck, this will get me unwedged. But if you
really didn't forget anything, try typing `2' now; then
my insertion and my current dilemma will both disappear.


D:/GitHub/Exjobbsrapport-SecondVersion/Exjobbs-rapport/Chap3/VIKTOR-GUMMESSON-c
hap3.tex:162: Missing number, treated as zero
A number should have been here; I inserted `0'.
(If you can't figure out why I needed to see a number,
look up `weird error' in the index to The TeXbook.)


D:/GitHub/Exjobbsrapport-SecondVersion/Exjobbs-rapport/Chap3/VIKTOR-GUMMESSON-c
hap3.tex:162: Illegal unit of measure (pt inserted)
Dimensions can be in units of em, ex, in, pt, pc,
cm, mm, dd, cc, nd, nc, bp, or sp; but yours is a new one!
I'll assume that you meant to say pt, for printer's points.
To recover gracefully from this error, it's best to
delete the erroneous units; e.g., type `2' to delete
two letters. (See Chapter 27 of The TeXbook.)


D:/GitHub/Exjobbsrapport-SecondVersion/Exjobbs-rapport/Chap3/VIKTOR-GUMMESSON-c
hap3.tex:163: Extra }, or forgotten $
I've deleted a group-closing symbol because it seems to be
spurious, as in `$x}$'. But perhaps the } is legitimate and
you forgot something else, as in `\hbox{$x}'. In such cases
the way to recover is to insert both the forgotten and the
deleted material, e.g., by typing `I$}'.


D:/GitHub/Exjobbsrapport-SecondVersion/Exjobbs-rapport/Chap3/VIKTOR-GUMMESSON-c
hap3.tex:165: Missing $ inserted
I've inserted something that you may have forgotten.
(See the <inserted text> above.)
With luck, this will get me unwedged. But if you
really didn't forget anything, try typing `2' now; then
my insertion and my current dilemma will both disappear.


D:/GitHub/Exjobbsrapport-SecondVersion/Exjobbs-rapport/Chap3/VIKTOR-GUMMESSON-c
hap3.tex:165: Missing } inserted
I've inserted something that you may have forgotten.
(See the <inserted text> above.)
With luck, this will get me unwedged. But if you
really didn't forget anything, try typing `2' now; then
my insertion and my current dilemma will both disappear.


D:/GitHub/Exjobbsrapport-SecondVersion/Exjobbs-rapport/Chap3/VIKTOR-GUMMESSON-c
hap3.tex:168: Missing number, treated as zero
A number should have been here; I inserted `0'.
(If you can't figure out why I needed to see a number,
look up `weird error' in the index to The TeXbook.)


D:/GitHub/Exjobbsrapport-SecondVersion/Exjobbs-rapport/Chap3/VIKTOR-GUMMESSON-c
hap3.tex:168: Illegal unit of measure (pt inserted)
Dimensions can be in units of em, ex, in, pt, pc,
cm, mm, dd, cc, nd, nc, bp, or sp; but yours is a new one!
I'll assume that you meant to say pt, for printer's points.
To recover gracefully from this error, it's best to
delete the erroneous units; e.g., type `2' to delete
two letters. (See Chapter 27 of The TeXbook.)


D:/GitHub/Exjobbsrapport-SecondVersion/Exjobbs-rapport/Chap3/VIKTOR-GUMMESSON-c
hap3.tex:169: Extra }, or forgotten $
I've deleted a group-closing symbol because it seems to be
spurious, as in `$x}$'. But perhaps the } is legitimate and
you forgot something else, as in `\hbox{$x}'. In such cases
the way to recover is to insert both the forgotten and the
deleted material, e.g., by typing `I$}'.


D:/GitHub/Exjobbsrapport-SecondVersion/Exjobbs-rapport/Chap3/VIKTOR-GUMMESSON-c
hap3.tex:171: Missing $ inserted
I've inserted something that you may have forgotten.
(See the <inserted text> above.)
With luck, this will get me unwedged. But if you
really didn't forget anything, try typing `2' now; then
my insertion and my current dilemma will both disappear.


D:/GitHub/Exjobbsrapport-SecondVersion/Exjobbs-rapport/Chap3/VIKTOR-GUMMESSON-c
hap3.tex:171: Missing } inserted
I've inserted something that you may have forgotten.
(See the <inserted text> above.)
With luck, this will get me unwedged. But if you
really didn't forget anything, try typing `2' now; then
my insertion and my current dilemma will both disappear.


Underfull \hbox (badness 10000) in paragraph at lines 153--172

 []


Underfull \hbox (badness 10000) in paragraph at lines 153--172

 []


Underfull \hbox (badness 10000) in paragraph at lines 153--172

 []


Underfull \hbox (badness 10000) in paragraph at lines 153--172

 []


Underfull \vbox (badness 10000) has occurred while \output is active []

 [6 <./Pics/ForceDirectedEx1.png (PNG copy)>]
<Pics/FishEyeEiffel.png, id=381, 771.63281pt x 479.54156pt>
File: Pics/FishEyeEiffel.png Graphic file (type png)
 <use Pics/FishEyeEiffel.png>
Package pdftex.def Info: Pics/FishEyeEiffel.png used on input line 196.
(pdftex.def)             Requested size: 231.49162pt x 143.86357pt.
 [7]
<Pics/FishEyeCluster.png, id=393, 984.67876pt x 441.14813pt>
File: Pics/FishEyeCluster.png Graphic file (type png)
 <use Pics/FishEyeCluster.png>
Package pdftex.def Info: Pics/FishEyeCluster.png used on input line 207.
(pdftex.def)             Requested size: 295.4059pt x 132.34546pt.

<Pics/FishEyeZoom.png, id=395, 898.10532pt x 460.72125pt>
File: Pics/FishEyeZoom.png Graphic file (type png)
 <use Pics/FishEyeZoom.png>
Package pdftex.def Info: Pics/FishEyeZoom.png used on input line 217.
(pdftex.def)             Requested size: 269.43367pt x 138.21744pt.
 [8 <./Pics/FishEyeEiffel.png> <./Pics/FishEyeCluster.png>]
Overfull \hbox (2.33553pt too wide) in paragraph at lines 223--225
\T1/lmr/m/n/10.95 This chap-ter in-tro-duce meth-ods used to vi-su-al-ize large
 net-works in a two-dimensional
 []


Underfull \hbox (badness 10000) in paragraph at lines 237--243

 []

 [9 <./Pics/FishEyeZoom.png>]


D:/GitHub/Exjobbsrapport-SecondVersion/Exjobbs-rapport/Chap3/VIKTOR-GUMMESSON-c
hap3.tex:257: LaTeX Error: There's no line here to end.

See the LaTeX manual or LaTeX Companion for explanation.
Type  H <return>  for immediate help
Your command was ignored.
Type  I <command> <return>  to replace it with another command,
or  <return>  to continue without it.



D:/GitHub/Exjobbsrapport-SecondVersion/Exjobbs-rapport/Chap3/VIKTOR-GUMMESSON-c
hap3.tex:258: LaTeX Error: There's no line here to end.

See the LaTeX manual or LaTeX Companion for explanation.
Type  H <return>  for immediate help
Your command was ignored.
Type  I <command> <return>  to replace it with another command,
or  <return>  to continue without it.


D:/GitHub/Exjobbsrapport-SecondVersion/Exjobbs-rapport/Chap3/VIKTOR-GUMMESSON-c
hap3.tex:265: Missing number, treated as zero
A number should have been here; I inserted `0'.
(If you can't figure out why I needed to see a number,
look up `weird error' in the index to The TeXbook.)


D:/GitHub/Exjobbsrapport-SecondVersion/Exjobbs-rapport/Chap3/VIKTOR-GUMMESSON-c
hap3.tex:265: Illegal unit of measure (pt inserted)
Dimensions can be in units of em, ex, in, pt, pc,
cm, mm, dd, cc, nd, nc, bp, or sp; but yours is a new one!
I'll assume that you meant to say pt, for printer's points.
To recover gracefully from this error, it's best to
delete the erroneous units; e.g., type `2' to delete
two letters. (See Chapter 27 of The TeXbook.)


D:/GitHub/Exjobbsrapport-SecondVersion/Exjobbs-rapport/Chap3/VIKTOR-GUMMESSON-c
hap3.tex:265: Missing $ inserted
I've inserted something that you may have forgotten.
(See the <inserted text> above.)
With luck, this will get me unwedged. But if you
really didn't forget anything, try typing `2' now; then
my insertion and my current dilemma will both disappear.


D:/GitHub/Exjobbsrapport-SecondVersion/Exjobbs-rapport/Chap3/VIKTOR-GUMMESSON-c
hap3.tex:266: Missing number, treated as zero
A number should have been here; I inserted `0'.
(If you can't figure out why I needed to see a number,
look up `weird error' in the index to The TeXbook.)


D:/GitHub/Exjobbsrapport-SecondVersion/Exjobbs-rapport/Chap3/VIKTOR-GUMMESSON-c
hap3.tex:266: Illegal unit of measure (pt inserted)
Dimensions can be in units of em, ex, in, pt, pc,
cm, mm, dd, cc, nd, nc, bp, or sp; but yours is a new one!
I'll assume that you meant to say pt, for printer's points.
To recover gracefully from this error, it's best to
delete the erroneous units; e.g., type `2' to delete
two letters. (See Chapter 27 of The TeXbook.)


D:/GitHub/Exjobbsrapport-SecondVersion/Exjobbs-rapport/Chap3/VIKTOR-GUMMESSON-c
hap3.tex:266: Missing $ inserted
I've inserted something that you may have forgotten.
(See the <inserted text> above.)
With luck, this will get me unwedged. But if you
really didn't forget anything, try typing `2' now; then
my insertion and my current dilemma will both disappear.


<Pics/BIODefault.png, id=414, 537.50812pt x 527.72156pt>
File: Pics/BIODefault.png Graphic file (type png)
 <use Pics/BIODefault.png>
Package pdftex.def Info: Pics/BIODefault.png used on input line 285.
(pdftex.def)             Requested size: 376.25311pt x 369.40257pt.

Underfull \hbox (badness 10000) in paragraph at lines 302--305

 []

 <Pics/BIOSim.png, id=419, 733.23938pt x 269.50688pt>
File: Pics/BIOSim.png Graphic file (type png)
 <use Pics/BIOSim.png>
Package pdftex.def Info: Pics/BIOSim.png used on input line 309.
(pdftex.def)             Requested size: 366.61879pt x 134.7531pt.
 [10] [11 <./Pics/BIODefault.png>] <Pics/hiveplotEx1.png, id=445, 501.875pt x 5
01.875pt>
File: Pics/hiveplotEx1.png Graphic file (type png)
 <use Pics/hiveplotEx1.png>
Package pdftex.def Info: Pics/hiveplotEx1.png used on input line 320.
(pdftex.def)             Requested size: 250.93687pt x 250.93687pt.
 [12 <./Pics/BIOSim.png> <./Pics/hiveplotEx1.png>] <Pics/TreeMapEx.png, id=463,
 171.64125pt x 140.77594pt>
File: Pics/TreeMapEx.png Graphic file (type png)
 <use Pics/TreeMapEx.png>
Package pdftex.def Info: Pics/TreeMapEx.png used on input line 351.
(pdftex.def)             Requested size: 171.64081pt x 140.77557pt.
 [13]
<Pics/HyperBolicGeom.png, id=483, 298.86656pt x 153.57375pt>
File: Pics/HyperBolicGeom.png Graphic file (type png)
 <use Pics/HyperBolicGeom.png>
Package pdftex.def Info: Pics/HyperBolicGeom.png used on input line 374.
(pdftex.def)             Requested size: 298.86581pt x 153.57336pt.
 [14 <./Pics/TreeMapEx.png>]
<Pics/GerbilZoomTether.jpg, id=496, 212.97266pt x 105.527pt>
File: Pics/GerbilZoomTether.jpg Graphic file (type jpg)
 <use Pics/GerbilZoomTether.jpg>
Package pdftex.def Info: Pics/GerbilZoomTether.jpg used on input line 398.
(pdftex.def)             Requested size: 212.97212pt x 105.52672pt.

<Pics/GerbilPointOfView.jpg, id=499, 212.97266pt x 111.283pt>
File: Pics/GerbilPointOfView.jpg Graphic file (type jpg)
 <use Pics/GerbilPointOfView.jpg>
Package pdftex.def Info: Pics/GerbilPointOfView.jpg used on input line 410.
(pdftex.def)             Requested size: 212.97212pt x 111.28271pt.

Underfull \hbox (badness 10000) in paragraph at lines 407--415

 []


Underfull \vbox (badness 2409) has occurred while \output is active []

 [15 <./Pics/HyperBolicGeom.png>]
<Pics/H3ConeVSHem.png, id=514, 441.90094pt x 330.48468pt>
File: Pics/H3ConeVSHem.png Graphic file (type png)
 <use Pics/H3ConeVSHem.png>
Package pdftex.def Info: Pics/H3ConeVSHem.png used on input line 423.
(pdftex.def)             Requested size: 220.94992pt x 165.24193pt.

<Pics/HyperBolicEx1.png, id=515, 277.78781pt x 249.93375pt>
File: Pics/HyperBolicEx1.png Graphic file (type png)
 <use Pics/HyperBolicEx1.png>
Package pdftex.def Info: Pics/HyperBolicEx1.png used on input line 436.
(pdftex.def)             Requested size: 138.89355pt x 124.96657pt.
 [16 <./Pics/GerbilZoomTether.jpg> <./Pics/GerbilPointOfView.jpg>] [17 <./Pics/
H3ConeVSHem.png> <./Pics/HyperBolicEx1.png>] [18] [19] [20

] [21] [22] [23] [24]


D:/GitHub/Exjobbsrapport-SecondVersion/Exjobbs-rapport/Chap3/VIKTOR-GUMMESSON-c
hap3.tex:555: LaTeX Error: There's no line here to end.

See the LaTeX manual or LaTeX Companion for explanation.
Type  H <return>  for immediate help
Your command was ignored.
Type  I <command> <return>  to replace it with another command,
or  <return>  to continue without it.



D:/GitHub/Exjobbsrapport-SecondVersion/Exjobbs-rapport/Chap3/VIKTOR-GUMMESSON-c
hap3.tex:557: LaTeX Error: There's no line here to end.

See the LaTeX manual or LaTeX Companion for explanation.
Type  H <return>  for immediate help
Your command was ignored.
Type  I <command> <return>  to replace it with another command,
or  <return>  to continue without it.


Underfull \hbox (badness 10000) in paragraph at lines 557--559

 []


<Pics/LibraryAttributeMatrix.png, id=589, 422.32782pt x 131.74219pt>
File: Pics/LibraryAttributeMatrix.png Graphic file (type png)
 <use Pics/LibraryAttributeMatrix.png>
Package pdftex.def Info: Pics/LibraryAttributeMatrix.png used on input line 562
.
(pdftex.def)             Requested size: 422.32678pt x 131.74185pt.

Overfull \hbox (26.32678pt too wide) in paragraph at lines 562--563
 [][] 
 []

 [25

]
Underfull \hbox (badness 10000) in paragraph at lines 570--573

 []



D:/GitHub/Exjobbsrapport-SecondVersion/Exjobbs-rapport/Chap3/VIKTOR-GUMMESSON-c
hap3.tex:574: LaTeX Error: There's no line here to end.

See the LaTeX manual or LaTeX Companion for explanation.
Type  H <return>  for immediate help
Your command was ignored.
Type  I <command> <return>  to replace it with another command,
or  <return>  to continue without it.


Overfull \hbox (3.72746pt too wide) in paragraph at lines 578--586
 [][] 
 []



D:/GitHub/Exjobbsrapport-SecondVersion/Exjobbs-rapport/Chap3/VIKTOR-GUMMESSON-c
hap3.tex:587: LaTeX Error: There's no line here to end.

See the LaTeX manual or LaTeX Companion for explanation.
Type  H <return>  for immediate help
Your command was ignored.
Type  I <command> <return>  to replace it with another command,
or  <return>  to continue without it.


Underfull \hbox (badness 10000) in paragraph at lines 588--592

 []

 [26 <./Pics/LibraryAttributeMatrix.png>]


D:/GitHub/Exjobbsrapport-SecondVersion/Exjobbs-rapport/Chap3/VIKTOR-GUMMESSON-c
hap3.tex:606: LaTeX Error: There's no line here to end.

See the LaTeX manual or LaTeX Companion for explanation.
Type  H <return>  for immediate help
Your command was ignored.
Type  I <command> <return>  to replace it with another command,
or  <return>  to continue without it.



D:/GitHub/Exjobbsrapport-SecondVersion/Exjobbs-rapport/Chap3/VIKTOR-GUMMESSON-c
hap3.tex:620: LaTeX Error: There's no line here to end.

See the LaTeX manual or LaTeX Companion for explanation.
Type  H <return>  for immediate help
Your command was ignored.
Type  I <command> <return>  to replace it with another command,
or  <return>  to continue without it.

 [27]
<Pics/SesammVisualAppPics/2D-View/Unlabled/AE/AllaAE2.png, id=615, 1451.4225pt 
x 813.0375pt>
File: Pics/SesammVisualAppPics/2D-View/Unlabled/AE/AllaAE2.png Graphic file (ty
pe png)
 <use Pics/SesammVisualAppPics/2D-View/Unlabled/AE/AllaAE2.png>
Package pdftex.def Info: Pics/SesammVisualAppPics/2D-View/Unlabled/AE/AllaAE2.p
ng used on input line 654.
(pdftex.def)             Requested size: 435.43011pt x 243.91313pt.

Overfull \hbox (39.43011pt too wide) in paragraph at lines 654--655
 [][] 
 []

 [28 <./Pics/SesammVisualAppPics/2D-View/Unlabled/AE/AllaAE2.png>]
<Pics/SesammVisualAppPics/2D-View/Unlabled/AE/AllaAE4.png, id=623, 1451.4225pt 
x 813.0375pt>
File: Pics/SesammVisualAppPics/2D-View/Unlabled/AE/AllaAE4.png Graphic file (ty
pe png)
 <use Pics/SesammVisualAppPics/2D-View/Unlabled/AE/AllaAE4.png>
Package pdftex.def Info: Pics/SesammVisualAppPics/2D-View/Unlabled/AE/AllaAE4.p
ng used on input line 662.
(pdftex.def)             Requested size: 435.43011pt x 243.91313pt.

Overfull \hbox (39.43011pt too wide) in paragraph at lines 662--663
 [][] 
 []


<Pics/SesammVisualAppPics/2D-View/Labled/ECU/AllaECU1.png, id=626, 1451.4225pt 
x 813.0375pt>
File: Pics/SesammVisualAppPics/2D-View/Labled/ECU/AllaECU1.png Graphic file (ty
pe png)
 <use Pics/SesammVisualAppPics/2D-View/Labled/ECU/AllaECU1.png>
Package pdftex.def Info: Pics/SesammVisualAppPics/2D-View/Labled/ECU/AllaECU1.p
ng used on input line 669.
(pdftex.def)             Requested size: 435.43011pt x 243.91313pt.

Overfull \hbox (39.43011pt too wide) in paragraph at lines 669--670
 [][] 
 []


<Pics/SesammVisualAppPics/2D-View/Labled/ECU/AllaECU3.png, id=627, 1451.4225pt 
x 813.0375pt>
File: Pics/SesammVisualAppPics/2D-View/Labled/ECU/AllaECU3.png Graphic file (ty
pe png)
 <use Pics/SesammVisualAppPics/2D-View/Labled/ECU/AllaECU3.png>
Package pdftex.def Info: Pics/SesammVisualAppPics/2D-View/Labled/ECU/AllaECU3.p
ng used on input line 676.
(pdftex.def)             Requested size: 435.43011pt x 243.91313pt.

Overfull \hbox (39.43011pt too wide) in paragraph at lines 676--677
 [][] 
 []

 [29 <./Pics/SesammVisualAppPics/2D-View/Unlabled/AE/AllaAE4.png> <./Pics/Sesam
mVisualAppPics/2D-View/Labled/ECU/AllaECU1.png>]
<Pics/SesammVisualAppPics/2D-View/Labled/AE/2D-View1.png, id=638, 1451.4225pt x
 813.0375pt>
File: Pics/SesammVisualAppPics/2D-View/Labled/AE/2D-View1.png Graphic file (typ
e png)
 <use Pics/SesammVisualAppPics/2D-View/Labled/AE/2D-View1.png>
Package pdftex.def Info: Pics/SesammVisualAppPics/2D-View/Labled/AE/2D-View1.pn
g used on input line 684.
(pdftex.def)             Requested size: 435.43011pt x 243.91313pt.

Overfull \hbox (39.43011pt too wide) in paragraph at lines 684--685
 [][] 
 []


<Pics/SesammVisualAppPics/2D-View/Unlabled/AE/AllaAE1.png, id=639, 1451.4225pt 
x 813.0375pt>
File: Pics/SesammVisualAppPics/2D-View/Unlabled/AE/AllaAE1.png Graphic file (ty
pe png)
 <use Pics/SesammVisualAppPics/2D-View/Unlabled/AE/AllaAE1.png>
Package pdftex.def Info: Pics/SesammVisualAppPics/2D-View/Unlabled/AE/AllaAE1.p
ng used on input line 691.
(pdftex.def)             Requested size: 435.43011pt x 243.91313pt.

Overfull \hbox (39.43011pt too wide) in paragraph at lines 691--692
 [][] 
 []


Underfull \vbox (badness 10000) has occurred while \output is active []

 [30 <./Pics/SesammVisualAppPics/2D-View/Labled/ECU/AllaECU3.png> <./Pics/Sesam
mVisualAppPics/2D-View/Labled/AE/2D-View1.png>] [31 <./Pics/SesammVisualAppPics
/2D-View/Unlabled/AE/AllaAE1.png>]
<Pics/SesammVisualAppPics/BioFabric/Undirected/ECU/AllaECU1.png, id=662, 1451.4
225pt x 813.0375pt>
File: Pics/SesammVisualAppPics/BioFabric/Undirected/ECU/AllaECU1.png Graphic fi
le (type png)

<use Pics/SesammVisualAppPics/BioFabric/Undirected/ECU/AllaECU1.png>
Package pdftex.def Info: Pics/SesammVisualAppPics/BioFabric/Undirected/ECU/Alla
ECU1.png used on input line 725.
(pdftex.def)             Requested size: 435.43011pt x 243.91313pt.

Overfull \hbox (39.43011pt too wide) in paragraph at lines 725--726
 [][] 
 []

 [32 <./Pics/SesammVisualAppPics/BioFabric/Undirected/ECU/AllaECU1.png>]
<Pics/SesammVisualAppPics/BioFabric/Undirected/ECU/AllaECU2.png, id=670, 1451.4
225pt x 813.0375pt>
File: Pics/SesammVisualAppPics/BioFabric/Undirected/ECU/AllaECU2.png Graphic fi
le (type png)

<use Pics/SesammVisualAppPics/BioFabric/Undirected/ECU/AllaECU2.png>
Package pdftex.def Info: Pics/SesammVisualAppPics/BioFabric/Undirected/ECU/Alla
ECU2.png used on input line 733.
(pdftex.def)             Requested size: 435.43011pt x 243.91313pt.

Overfull \hbox (39.43011pt too wide) in paragraph at lines 733--734
 [][] 
 []


<Pics/SesammVisualAppPics/BioFabric/Undirected/ECU/AllaECU3.png, id=673, 1451.4
225pt x 813.0375pt>
File: Pics/SesammVisualAppPics/BioFabric/Undirected/ECU/AllaECU3.png Graphic fi
le (type png)

<use Pics/SesammVisualAppPics/BioFabric/Undirected/ECU/AllaECU3.png>
Package pdftex.def Info: Pics/SesammVisualAppPics/BioFabric/Undirected/ECU/Alla
ECU3.png used on input line 740.
(pdftex.def)             Requested size: 435.43011pt x 243.91313pt.

Overfull \hbox (39.43011pt too wide) in paragraph at lines 740--741
 [][] 
 []

 [33 <./Pics/SesammVisualAppPics/BioFabric/Undirected/ECU/AllaECU2.png> <./Pics
/SesammVisualAppPics/BioFabric/Undirected/ECU/AllaECU3.png>] [34]
<Pics/SesammVisualAppPics/SphericalView/AE/AE1.png, id=695, 1451.4225pt x 813.0
375pt>
File: Pics/SesammVisualAppPics/SphericalView/AE/AE1.png Graphic file (type png)

 <use Pics/SesammVisualAppPics/SphericalView/AE/AE1.png>
Package pdftex.def Info: Pics/SesammVisualAppPics/SphericalView/AE/AE1.png used
 on input line 778.
(pdftex.def)             Requested size: 435.43011pt x 243.91313pt.

Overfull \hbox (39.43011pt too wide) in paragraph at lines 778--779
 [][] 
 []


<Pics/SesammVisualAppPics/SphericalView/AE/AE2.png, id=696, 1451.4225pt x 813.0
375pt>
File: Pics/SesammVisualAppPics/SphericalView/AE/AE2.png Graphic file (type png)

 <use Pics/SesammVisualAppPics/SphericalView/AE/AE2.png>
Package pdftex.def Info: Pics/SesammVisualAppPics/SphericalView/AE/AE2.png used
 on input line 785.
(pdftex.def)             Requested size: 435.43011pt x 243.91313pt.

Overfull \hbox (39.43011pt too wide) in paragraph at lines 785--786
 [][] 
 []


<Pics/SesammVisualAppPics/SphericalView/AE/AE5.png, id=699, 1451.4225pt x 813.0
375pt>
File: Pics/SesammVisualAppPics/SphericalView/AE/AE5.png Graphic file (type png)

 <use Pics/SesammVisualAppPics/SphericalView/AE/AE5.png>
Package pdftex.def Info: Pics/SesammVisualAppPics/SphericalView/AE/AE5.png used
 on input line 792.
(pdftex.def)             Requested size: 435.43011pt x 243.91313pt.

Overfull \hbox (39.43011pt too wide) in paragraph at lines 792--793
 [][] 
 []

 [35 <./Pics/SesammVisualAppPics/SphericalView/AE/AE1.png>] [36 <./Pics/SesammV
isualAppPics/SphericalView/AE/AE2.png> <./Pics/SesammVisualAppPics/SphericalVie
w/AE/AE5.png>]
Overfull \hbox (3.869pt too wide) in paragraph at lines 802--809
[]\T1/lmr/m/n/10.95 Presumably Ger-bil-Sphe-re-Al-pha have at-tempted to work a
round ob-scu-rance taken
 []

 [37] [38]
Underfull \hbox (badness 10000) in paragraph at lines 830--832

 []

 [39

] [40]
LaTeX Font Info:    Try loading font information for T1+lmtt on input line 862.

 ("C:\Program Files (x86)\MiKTeX 2.9\tex\latex\lm\t1lmtt.fd"
File: t1lmtt.fd 2009/10/30 v1.6 Font defs for Latin Modern
)
Underfull \vbox (badness 10000) has occurred while \output is active []

 [41

] [42]
Underfull \vbox (badness 10000) has occurred while \output is active []

 [43

]
Underfull \vbox (badness 10000) has occurred while \output is active []

 [44]
Overfull \hbox (59.74821pt too wide) in paragraph at lines 1033--1034
[][][][][][][][][][][][][][][][][][][][][][][][][][][][][][][][][][][][][][][][
][] 
 []


Overfull \hbox (59.74821pt too wide) in paragraph at lines 1035--1036
[][][][][][][][][][][][][][][][][][][][][][][][][][][][][][][][][][][][][][][][
][] 
 []


Overfull \hbox (59.74821pt too wide) in paragraph at lines 1037--1038
[][][][][][][][][][][][][][][][][][][][][][][][][][][][][][][][][][][][][][][][
][] 
 []


Overfull \hbox (59.74821pt too wide) in paragraph at lines 1039--1040
[][][][][][][][][][][][][][][][][][][][][][][][][][][][][][][][][][][][][][][][
][] 
 []


Overfull \hbox (0.9486pt too wide) in paragraph at lines 1051--1052
[][][][][][][][][][][][][][][][][][][][][][][][][][][][][][][][][][][][][][][][
][][][][][]  
 []


Underfull \vbox (badness 10000) has occurred while \output is active []

 [45]
Underfull \vbox (badness 10000) has occurred while \output is active []

 [46] [47] [48

]<<50_nodes.txt>><<100_nodes.txt>><<500_nodes.txt>><<1000_nodes.txt>> [49] [50

]

Package hyperref Warning: Difference (2) between bookmark levels is greater 
(hyperref)                than one, level fixed on input line 1121.


Underfull \hbox (badness 10000) in paragraph at lines 1124--1134

 []


Underfull \hbox (badness 10000) in paragraph at lines 1124--1134

 []


Underfull \hbox (badness 10000) in paragraph at lines 1124--1134

 []


D:/GitHub/Exjobbsrapport-SecondVersion/Exjobbs-rapport/Chap3/VIKTOR-GUMMESSON-c
hap3.tex:1147: Extra }, or forgotten \endgroup
I've deleted a group-closing symbol because it seems to be
spurious, as in `$x}$'. But perhaps the } is legitimate and
you forgot something else, as in `\hbox{$x}'. In such cases
the way to recover is to insert both the forgotten and the
deleted material, e.g., by typing `I$}'.


Underfull \hbox (badness 10000) in paragraph at lines 1148--1158

 []


Underfull \hbox (badness 10000) in paragraph at lines 1148--1158

 []


Underfull \hbox (badness 10000) in paragraph at lines 1148--1158

 []

 [51]
Underfull \hbox (badness 10000) in paragraph at lines 1159--1167

 []


Underfull \hbox (badness 10000) in paragraph at lines 1159--1167

 []


D:/GitHub/Exjobbsrapport-SecondVersion/Exjobbs-rapport/Chap3/VIKTOR-GUMMESSON-c
hap3.tex:1177: Extra }, or forgotten \endgroup
I've deleted a group-closing symbol because it seems to be
spurious, as in `$x}$'. But perhaps the } is legitimate and
you forgot something else, as in `\hbox{$x}'. In such cases
the way to recover is to insert both the forgotten and the
deleted material, e.g., by typing `I$}'.


Underfull \hbox (badness 10000) in paragraph at lines 1178--1185

 []


Underfull \hbox (badness 10000) in paragraph at lines 1186--1196

 []


Underfull \hbox (badness 10000) in paragraph at lines 1186--1196

 []

 [52]
D:/GitHub/Exjobbsrapport-SecondVersion/Exjobbs-rapport/Chap3/VIKTOR-GUMMESSON-c
hap3.tex:1220: Extra }, or forgotten \endgroup
I've deleted a group-closing symbol because it seems to be
spurious, as in `$x}$'. But perhaps the } is legitimate and
you forgot something else, as in `\hbox{$x}'. In such cases
the way to recover is to insert both the forgotten and the
deleted material, e.g., by typing `I$}'.


Underfull \hbox (badness 10000) in paragraph at lines 1221--1238

 []


Underfull \hbox (badness 10000) in paragraph at lines 1221--1238

 []


Underfull \hbox (badness 10000) in paragraph at lines 1221--1238

 []


Underfull \hbox (badness 10000) in paragraph at lines 1221--1238

 []


Underfull \hbox (badness 10000) in paragraph at lines 1221--1238

 []

 [53]
D:/GitHub/Exjobbsrapport-SecondVersion/Exjobbs-rapport/Chap3/VIKTOR-GUMMESSON-c
hap3.tex:1254: Extra }, or forgotten \endgroup
I've deleted a group-closing symbol because it seems to be
spurious, as in `$x}$'. But perhaps the } is legitimate and
you forgot something else, as in `\hbox{$x}'. In such cases
the way to recover is to insert both the forgotten and the
deleted material, e.g., by typing `I$}'.



D:/GitHub/Exjobbsrapport-SecondVersion/Exjobbs-rapport/Chap3/VIKTOR-GUMMESSON-c
hap3.tex:1257: LaTeX Error: There's no line here to end.

See the LaTeX manual or LaTeX Companion for explanation.
Type  H <return>  for immediate help
Your command was ignored.
Type  I <command> <return>  to replace it with another command,
or  <return>  to continue without it.


Underfull \hbox (badness 10000) in paragraph at lines 1258--1288

 []


Underfull \hbox (badness 10000) in paragraph at lines 1258--1288

 []


Underfull \hbox (badness 10000) in paragraph at lines 1258--1288

 []

 [54]
Underfull \hbox (badness 10000) in paragraph at lines 1289--1297

 []


Underfull \hbox (badness 10000) in paragraph at lines 1298--1304

 []


Underfull \hbox (badness 10000) in paragraph at lines 1298--1304

 []

File: Pics/LibraryAttributeMatrix.png Graphic file (type png)
 <use Pics/LibraryAttributeMatrix.png>
Package pdftex.def Info: Pics/LibraryAttributeMatrix.png used on input line 130
7.
(pdftex.def)             Requested size: 422.32678pt x 131.74185pt.

Overfull \hbox (26.32678pt too wide) in paragraph at lines 1307--1308
 [][] 
 []



D:/GitHub/Exjobbsrapport-SecondVersion/Exjobbs-rapport/Chap3/VIKTOR-GUMMESSON-c
hap3.tex:1312: LaTeX Error: There's no line here to end.

See the LaTeX manual or LaTeX Companion for explanation.
Type  H <return>  for immediate help
Your command was ignored.
Type  I <command> <return>  to replace it with another command,
or  <return>  to continue without it.



D:/GitHub/Exjobbsrapport-SecondVersion/Exjobbs-rapport/Chap3/VIKTOR-GUMMESSON-c
hap3.tex:1313: LaTeX Error: There's no line here to end.

See the LaTeX manual or LaTeX Companion for explanation.
Type  H <return>  for immediate help
Your command was ignored.
Type  I <command> <return>  to replace it with another command,
or  <return>  to continue without it.


Underfull \hbox (badness 10000) in paragraph at lines 1313--1320

 []


Underfull \hbox (badness 10000) in paragraph at lines 1313--1320

 []

 [55]
Underfull \hbox (badness 10000) in paragraph at lines 1321--1323

 []



D:/GitHub/Exjobbsrapport-SecondVersion/Exjobbs-rapport/Chap3/VIKTOR-GUMMESSON-c
hap3.tex:1324: LaTeX Error: There's no line here to end.

See the LaTeX manual or LaTeX Companion for explanation.
Type  H <return>  for immediate help
Your command was ignored.
Type  I <command> <return>  to replace it with another command,
or  <return>  to continue without it.



D:/GitHub/Exjobbsrapport-SecondVersion/Exjobbs-rapport/Chap3/VIKTOR-GUMMESSON-c
hap3.tex:1324: LaTeX Error: There's no line here to end.

See the LaTeX manual or LaTeX Companion for explanation.
Type  H <return>  for immediate help
Your command was ignored.
Type  I <command> <return>  to replace it with another command,
or  <return>  to continue without it.


Underfull \hbox (badness 10000) in paragraph at lines 1340--1348

 []


Underfull \hbox (badness 10000) in paragraph at lines 1340--1348

 []

 [56]
Underfull \hbox (badness 10000) in paragraph at lines 1349--1350

 []



D:/GitHub/Exjobbsrapport-SecondVersion/Exjobbs-rapport/Chap3/VIKTOR-GUMMESSON-c
hap3.tex:1351: LaTeX Error: There's no line here to end.

See the LaTeX manual or LaTeX Companion for explanation.
Type  H <return>  for immediate help
Your command was ignored.
Type  I <command> <return>  to replace it with another command,
or  <return>  to continue without it.


Overfull \hbox (3.21893pt too wide) in paragraph at lines 1351--1374
\T1/lmr/m/n/10.95 When it comes to the vi-su-al-i-sa-tion tech-niques like Bio-
Fab-ric, Hive Plots and Treemap
 []


Underfull \hbox (badness 10000) in paragraph at lines 1351--1374

 []


Underfull \hbox (badness 10000) in paragraph at lines 1351--1374

 []


Underfull \hbox (badness 10000) in paragraph at lines 1351--1374

 []


Underfull \hbox (badness 10000) in paragraph at lines 1351--1374

 []


Underfull \hbox (badness 10000) in paragraph at lines 1351--1374

 []


Underfull \hbox (badness 10000) in paragraph at lines 1351--1374

 []


Underfull \hbox (badness 10000) in paragraph at lines 1351--1374

 []


Underfull \hbox (badness 10000) in paragraph at lines 1351--1374

 []


Underfull \hbox (badness 10000) in paragraph at lines 1375--1382

 []


Underfull \hbox (badness 10000) in paragraph at lines 1375--1382

 []

 [57]
D:/GitHub/Exjobbsrapport-SecondVersion/Exjobbs-rapport/Chap3/VIKTOR-GUMMESSON-c
hap3.tex:1395: Extra }, or forgotten \endgroup
I've deleted a group-closing symbol because it seems to be
spurious, as in `$x}$'. But perhaps the } is legitimate and
you forgot something else, as in `\hbox{$x}'. In such cases
the way to recover is to insert both the forgotten and the
deleted material, e.g., by typing `I$}'.


Underfull \hbox (badness 10000) in paragraph at lines 1396--1401

 []

 [58]


D:/GitHub/Exjobbsrapport-SecondVersion/Exjobbs-rapport/Chap3/VIKTOR-GUMMESSON-c
hap3.tex:1420: LaTeX Error: There's no line here to end.

See the LaTeX manual or LaTeX Companion for explanation.
Type  H <return>  for immediate help
Your command was ignored.
Type  I <command> <return>  to replace it with another command,
or  <return>  to continue without it.


Underfull \hbox (badness 10000) in paragraph at lines 1423--1431

 []


Overfull \hbox (81.14809pt too wide) in paragraph at lines 1423--1431
[] 
 []


Underfull \hbox (badness 10000) in paragraph at lines 1435--1437

 []


Overfull \hbox (3.72746pt too wide) in paragraph at lines 1446--1454
 [][] 
 []


Underfull \hbox (badness 10000) in paragraph at lines 1439--1461

 []


Underfull \hbox (badness 10000) in paragraph at lines 1439--1461

 []

 [59]


D:/GitHub/Exjobbsrapport-SecondVersion/Exjobbs-rapport/Chap3/VIKTOR-GUMMESSON-c
hap3.tex:1462: LaTeX Error: There's no line here to end.

See the LaTeX manual or LaTeX Companion for explanation.
Type  H <return>  for immediate help
Your command was ignored.
Type  I <command> <return>  to replace it with another command,
or  <return>  to continue without it.


Underfull \hbox (badness 10000) in paragraph at lines 1463--1509

 []


Underfull \hbox (badness 10000) in paragraph at lines 1463--1509

 []


LaTeX Warning: `h' float specifier changed to `ht'.

 [60] [61] [62

]
Underfull \vbox (badness 10000) has occurred while \output is active []

 [63]
Underfull \vbox (badness 2245) has occurred while \output is active []

 [64]
Underfull \hbox (badness 10000) in paragraph at lines 1580--1583

 []



D:/GitHub/Exjobbsrapport-SecondVersion/Exjobbs-rapport/Chap3/VIKTOR-GUMMESSON-c
hap3.tex:1588: LaTeX Error: Something's wrong--perhaps a missing \item.

See the LaTeX manual or LaTeX Companion for explanation.
Type  H <return>  for immediate help
Try typing  <return>  to proceed.
If that doesn't work, type  X <return>  to quit.



D:/GitHub/Exjobbsrapport-SecondVersion/Exjobbs-rapport/Chap3/VIKTOR-GUMMESSON-c
hap3.tex:1589: LaTeX Error: There's no line here to end.

See the LaTeX manual or LaTeX Companion for explanation.
Type  H <return>  for immediate help
Your command was ignored.
Type  I <command> <return>  to replace it with another command,
or  <return>  to continue without it.

 [65]


D:/GitHub/Exjobbsrapport-SecondVersion/Exjobbs-rapport/Chap3/VIKTOR-GUMMESSON-c
hap3.tex:1605: LaTeX Error: There's no line here to end.

See the LaTeX manual or LaTeX Companion for explanation.
Type  H <return>  for immediate help
Your command was ignored.
Type  I <command> <return>  to replace it with another command,
or  <return>  to continue without it.


(D:\GitHub\Exjobbsrapport-SecondVersion\Exjobbs-rapport\Chap3\build\VIKTOR-GUMM
ESSON-chap3.bbl [66]
bibitemlist

Underfull \hbox (badness 1609) in paragraph at lines 4--8
[]\T1/lmr/m/n/10.95 academic.depauw.edu.  Hiver.  []$\T1/lmtt/m/n/10.95 http : 
/ / academic . depauw . edu / ~hanson /
 []


Underfull \hbox (badness 3849) in paragraph at lines 59--64
[]\T1/lmr/m/n/10.95 codeplex.com.  Vi-su-al-iza-tion us-ing graphviz.  []$\T1/l
mtt/m/n/10.95 https : / / quickgraph .
 []


Underfull \hbox (badness 10000) in paragraph at lines 59--64
\T1/lmtt/m/n/10.95 codeplex . com / wikipage ? title = Visualization % 20Using 
% 20Graphviz &
 []


D:\GitHub\Exjobbsrapport-SecondVersion\Exjobbs-rapport\Chap3\build\VIKTOR-GUMME
SSON-chap3.bbl:67: Misplaced alignment tab character &
I can't figure out why you would want to use a tab mark
here. If you just want an ampersand, the remedy is
simple: Just type `I\&' now. But if some right brace
up above has ended a previous alignment prematurely,
you're probably due for more error messages, and you
might try typing `S' now just to see what is salvageable.

 [67

]
Underfull \hbox (badness 10000) in paragraph at lines 118--123
[]\T1/lmr/m/n/10.95 gephi.org.  Pa-jek net for-mat.  []$\T1/lmtt/m/n/10.95 http
s : / / gephi . org / users /
 []


Underfull \hbox (badness 1789) in paragraph at lines 118--123
\T1/lmtt/m/n/10.95 supported-[]graph-[]formats / pajek-[]net-[]format/$[]\T1/lm
r/m/n/10.95 .  [On-line; Ac-cessed 28-
 []



D:\GitHub\Exjobbsrapport-SecondVersion\Exjobbs-rapport\Chap3\build\VIKTOR-GUMME
SSON-chap3.bbl:162: Package inputenc Error: Keyboard character used is undefine
d
(inputenc)                in inputencoding `latin1'.

See the inputenc package documentation for explanation.
Type  H <return>  for immediate help
You need to provide a definition with \DeclareInputText 
or \DeclareInputMath before using this key.



D:\GitHub\Exjobbsrapport-SecondVersion\Exjobbs-rapport\Chap3\build\VIKTOR-GUMME
SSON-chap3.bbl:162: Package inputenc Error: Keyboard character used is undefine
d
(inputenc)                in inputencoding `latin1'.

See the inputenc package documentation for explanation.
Type  H <return>  for immediate help
You need to provide a definition with \DeclareInputText 
or \DeclareInputMath before using this key.



D:\GitHub\Exjobbsrapport-SecondVersion\Exjobbs-rapport\Chap3\build\VIKTOR-GUMME
SSON-chap3.bbl:169: Package inputenc Error: Keyboard character used is undefine
d
(inputenc)                in inputencoding `latin1'.

See the inputenc package documentation for explanation.
Type  H <return>  for immediate help
You need to provide a definition with \DeclareInputText 
or \DeclareInputMath before using this key.



D:\GitHub\Exjobbsrapport-SecondVersion\Exjobbs-rapport\Chap3\build\VIKTOR-GUMME
SSON-chap3.bbl:169: Package inputenc Error: Keyboard character used is undefine
d
(inputenc)                in inputencoding `latin1'.

See the inputenc package documentation for explanation.
Type  H <return>  for immediate help
You need to provide a definition with \DeclareInputText 
or \DeclareInputMath before using this key.

 [68]
Underfull \hbox (badness 3803) in paragraph at lines 184--189
[]\T1/lmr/m/n/10.95 MSDN.  Di-rected3d.  []$\T1/lmtt/m/n/10.95 https : / / msdn
 . microsoft . com / en-[]us / library /
 []


Underfull \hbox (badness 10000) in paragraph at lines 184--189
\T1/lmtt/m/n/10.95 windows / desktop / hh309466(v = vs . 85 ) .aspx$[]\T1/lmr/m
/n/10.95 .  [On-line; Ac-cessed 20-
 []


Underfull \hbox (badness 1158) in paragraph at lines 197--201
[]\T1/lmr/m/n/10.95 MSDN.  Vi-sua stu-dio.  []$\T1/lmtt/m/n/10.95 https : / / m
sdn . microsoft . com / sv-[]se / library /
 []


Underfull \hbox (badness 3354) in paragraph at lines 203--207
[]\T1/lmr/m/n/10.95 MSDN.  Vi-sual c#.  []$\T1/lmtt/m/n/10.95 https : / / msdn 
. microsoft . com / en-[]us / vstudio /
 []


Underfull \hbox (badness 5622) in paragraph at lines 253--257
[]\T1/lmr/m/n/10.95 panthernet.ru.  Graphx fpr .net.  []$\T1/lmtt/m/n/10.95 htt
p : / / www . panthernet . ru / en /
 []

 [69]
Underfull \hbox (badness 1648) in paragraph at lines 296--300
[]\T1/lmr/m/n/10.95 Microsoft Sil-verlight.  Win-dows forms.  []$\T1/lmtt/m/n/1
0.95 https : / / www . microsoft . com /
 []

 [70]
Underfull \hbox (badness 10000) in paragraph at lines 354--359
[]\T1/lmr/m/n/10.95 wisegeek.com.  What are the dif-fer-ences be-tween
 []


Underfull \hbox (badness 10000) in paragraph at lines 354--359
\T1/lmr/m/n/10.95 opengl\TS1/lmr/m/n/10.95  \T1/lmr/m/n/10.95 and di-rect3d? 
 []$\T1/lmtt/m/n/10.95 http : / / www . wisegeek . com /
 []


Underfull \hbox (badness 10000) in paragraph at lines 384--389
\T1/lmtt/m/n/10.95 yfilessilverlight / Index . html ? topic = developers-[]guid
e / index . html$[]\T1/lmr/m/n/10.95 .
 []


Underfull \hbox (badness 1360) in paragraph at lines 391--396
[]\T1/lmr/m/n/10.95 yworks.com.  yfiles wpf de-vel-oper's guide.  []$\T1/lmtt/m
/n/10.95 http : / / docs . yworks . com /
 []


Underfull \hbox (badness 3019) in paragraph at lines 391--396
\T1/lmtt/m/n/10.95 yfileswpf / Index . html ? topic = developers-[]guide / inde
x . html$[]\T1/lmr/m/n/10.95 .  [On-line;
 []


Underfull \hbox (badness 2384) in paragraph at lines 398--403
[]\T1/lmr/m/n/10.95 yworks.com.  yfiles.net de-vel-oper's guide.  []$\T1/lmtt/m
/n/10.95 http : / / docs . yworks . com /
 []

) [71]
\tf@toc=\write5
\openout5 = `VIKTOR-GUMMESSON-chap3.toc'.

Package atveryend Info: Empty hook `BeforeClearDocument' on input line 1609.
Package atveryend Info: Empty hook `AfterLastShipout' on input line 1609.

(D:\GitHub\Exjobbsrapport-SecondVersion\Exjobbs-rapport\Chap3\build\VIKTOR-GUMM
ESSON-chap3.aux)
Package atveryend Info: Executing hook `AtVeryEndDocument' on input line 1609.
Package atveryend Info: Executing hook `AtEndAfterFileList' on input line 1609.

Package rerunfilecheck Info: File `VIKTOR-GUMMESSON-chap3.out' has not changed.

(rerunfilecheck)             Checksum: 19B37875E9108C7E499DF31E771FF097;4060.
Package atveryend Info: Empty hook `AtVeryVeryEnd' on input line 1609.
 ) 
Here is how much of TeX's memory you used:
 12615 strings out of 493634
 180848 string characters out of 3141279
 341216 words of memory out of 3000000
 15214 multiletter control sequences out of 15000+200000
 84715 words of font info for 58 fonts, out of 3000000 for 9000
 1025 hyphenation exceptions out of 8191
 36i,12n,40p,1264b,2005s stack positions out of 5000i,500n,10000p,200000b,50000s
{C:/Program Files (x86)/MiKTeX 2.9/fonts/enc/dvips/lm/lm-ec.enc}{C:/Program F
iles (x86)/MiKTeX 2.9/fonts/enc/dvips/lm/lm-mathsy.enc}{C:/Program Files (x86)/
MiKTeX 2.9/fonts/enc/dvips/lm/lm-mathex.enc}{C:/Program Files (x86)/MiKTeX 2.9/
fonts/enc/dvips/lm/lm-rm.enc}{C:/Program Files (x86)/MiKTeX 2.9/fonts/enc/dvips
/lm/lm-mathit.enc}{C:/Program Files (x86)/MiKTeX 2.9/fonts/enc/dvips/lm/lm-ts1.
enc}<C:/Program Files (x86)/MiKTeX 2.9/fonts/type1/public/lm/lmbx10.pfb><C:/Pro
gram Files (x86)/MiKTeX 2.9/fonts/type1/public/lm/lmbx9.pfb><C:/Program Files (
x86)/MiKTeX 2.9/fonts/type1/public/lm/lmbxi10.pfb><C:/Program Files (x86)/MiKTe
X 2.9/fonts/type1/public/lm/lmex10.pfb><C:/Program Files (x86)/MiKTeX 2.9/fonts
/type1/public/lm/lmmi10.pfb><C:/Program Files (x86)/MiKTeX 2.9/fonts/type1/publ
ic/lm/lmmi8.pfb><C:/Program Files (x86)/MiKTeX 2.9/fonts/type1/public/lm/lmr10.
pfb><C:/Program Files (x86)/MiKTeX 2.9/fonts/type1/public/lm/lmr6.pfb><C:/Progr
am Files (x86)/MiKTeX 2.9/fonts/type1/public/lm/lmr9.pfb><C:/Program Files (x86
)/MiKTeX 2.9/fonts/type1/public/lm/lmri10.pfb><C:/Program Files (x86)/MiKTeX 2.
9/fonts/type1/public/lm/lmss10.pfb><C:/Program Files (x86)/MiKTeX 2.9/fonts/typ
e1/public/lm/lmss12.pfb><C:/Program Files (x86)/MiKTeX 2.9/fonts/type1/public/l
m/lmssbx10.pfb><C:/Program Files (x86)/MiKTeX 2.9/fonts/type1/public/lm/lmssdc1
0.pfb><C:/Program Files (x86)/MiKTeX 2.9/fonts/type1/public/lm/lmsy10.pfb><C:/P
rogram Files (x86)/MiKTeX 2.9/fonts/type1/public/lm/lmsy8.pfb><C:/Program Files
 (x86)/MiKTeX 2.9/fonts/type1/public/lm/lmtt10.pfb>
Output written on D:/GitHub/Exjobbsrapport-SecondVersion/Exjobbs-rapport/Chap3/
build/VIKTOR-GUMMESSON-chap3.pdf (77 pages, 8710607 bytes).
PDF statistics:
 1575 PDF objects out of 1728 (max. 8388607)
 581 named destinations out of 1000 (max. 500000)
 637 words of extra memory for PDF output out of 10000 (max. 10000000)

