This is pdfTeX, Version 3.1415926-2.5-1.40.14 (MiKTeX 2.9) (preloaded format=pdflatex 2015.1.10)  12 DEC 2015 21:54
entering extended mode
**C:/Users/Viktor/Documents/GitHub/Exjobbs-rapport/Skelett/VIKTOR-GUMMESSON-ske
lett

(C:/Users/Viktor/Documents/GitHub/Exjobbs-rapport/Skelett/VIKTOR-GUMMESSON-skel
ett.tex
LaTeX2e <2011/06/27>
Babel <v3.8m> and hyphenation patterns for english, afrikaans, ancientgreek, ar
abic, armenian, assamese, basque, bengali, bokmal, bulgarian, catalan, coptic, 
croatian, czech, danish, dutch, esperanto, estonian, farsi, finnish, french, ga
lician, german, german-x-2013-05-26, greek, gujarati, hindi, hungarian, iceland
ic, indonesian, interlingua, irish, italian, kannada, kurmanji, latin, latvian,
 lithuanian, malayalam, marathi, mongolian, mongolianlmc, monogreek, ngerman, n
german-x-2013-05-26, nynorsk, oriya, panjabi, pinyin, polish, portuguese, roman
ian, russian, sanskrit, serbian, slovak, slovenian, spanish, swedish, swissgerm
an, tamil, telugu, turkish, turkmen, ukenglish, ukrainian, uppersorbian, usengl
ishmax, welsh, loaded.
(C:\Users\Viktor\Documents\GitHub\Exjobbs-rapport\Skelett\kth-mag.cls
Document Class: kth-mag 2004/12/14 v2.1 Document Class for KTH Theses
(C:\Users\Viktor\Documents\GitHub\Exjobbs-rapport\Skelett\memoir.cls
Document Class: memoir 2004/04/05 v1.61 configurable document class
\onelineskip=\skip41
\lxvchars=\skip42
\xlvchars=\skip43
\@memcnta=\count79
\stockheight=\skip44
\stockwidth=\skip45
\trimtop=\skip46
\trimedge=\skip47
(C:\Users\Viktor\Documents\GitHub\Exjobbs-rapport\Skelett\mem11.clo
File: mem11.clo 2002/07/27 v0.2 memoir class 11pt size option
)
\spinemargin=\skip48
\foremargin=\skip49
\uppermargin=\skip50
\lowermargin=\skip51
\headdrop=\skip52
\normalrulethickness=\skip53
\headwidth=\skip54
\c@storedpagenumber=\count80
\thanksmarkwidth=\skip55
\thanksmarksep=\skip56
\droptitle=\skip57
\abstitleskip=\skip58
\absleftindent=\skip59
\absrightindent=\skip60
\absparindent=\skip61
\absparsep=\skip62
\c@part=\count81
\c@chapter=\count82
\c@section=\count83
\c@subsection=\count84
\c@subsubsection=\count85
\c@paragraph=\count86
\c@subparagraph=\count87
\beforechapskip=\skip63
\midchapskip=\skip64
\afterchapskip=\skip65
\chapindent=\skip66
\bottomsectionskip=\skip67
\secindent=\skip68
\beforesecskip=\skip69
\aftersecskip=\skip70
\subsecindent=\skip71
\beforesubsecskip=\skip72
\aftersubsecskip=\skip73
\subsubsecindent=\skip74
\beforesubsubsecskip=\skip75
\aftersubsubsecskip=\skip76
\paraindent=\skip77
\beforeparaskip=\skip78
\afterparaskip=\skip79
\subparaindent=\skip80
\beforesubparaskip=\skip81
\aftersubparaskip=\skip82
\pfbreakskip=\skip83
\c@@ppsavesec=\count88
\c@@ppsaveapp=\count89
\ragrparindent=\dimen102
\parsepi=\skip84
\topsepi=\skip85
\itemsepi=\skip86
\parsepii=\skip87
\topsepii=\skip88
\topsepiii=\skip89
\m@msavetopsep=\skip90
\m@msavepartopsep=\skip91
\@enLab=\toks14
\c@vslineno=\count90
\c@poemline=\count91
\c@modulo@vs=\count92
\vleftskip=\skip92
\vrightskip=\skip93
\stanzaskip=\skip94
\versewidth=\skip95
\vgap=\skip96
\vindent=\skip97
\c@verse=\count93
\c@chrsinstr=\count94
\beforepoemtitleskip=\skip98
\afterpoemtitleskip=\skip99
\col@sep=\dimen103
\extrarowheight=\dimen104
\NC@list=\toks15
\extratabsurround=\skip100
\backup@length=\skip101
\TX@col@width=\dimen105
\TX@old@table=\dimen106
\TX@old@col=\dimen107
\TX@target=\dimen108
\TX@delta=\dimen109
\TX@cols=\count95
\TX@ftn=\toks16
\heavyrulewidth=\dimen110
\lightrulewidth=\dimen111
\cmidrulewidth=\dimen112
\belowrulesep=\dimen113
\belowbottomsep=\dimen114
\aboverulesep=\dimen115
\abovetopsep=\dimen116
\cmidrulesep=\dimen117
\cmidrulekern=\dimen118
\defaultaddspace=\dimen119
\@cmidla=\count96
\@cmidlb=\count97
\@aboverulesep=\dimen120
\@belowrulesep=\dimen121
\@thisruleclass=\count98
\@lastruleclass=\count99
\@thisrulewidth=\dimen122
\ctableftskip=\skip102
\ctabrightskip=\skip103
\abovecolumnspenalty=\count100
\@linestogo=\count101
\@cellstogo=\count102
\@cellsincolumn=\count103
\crtok=\toks17
\@mincolumnwidth=\dimen123
\c@newflo@tctr=\count104
\@contcwidth=\skip104
\@contindw=\skip105
\abovecaptionskip=\skip106
\belowcaptionskip=\skip107
\subfloattopskip=\skip108
\subfloatcapskip=\skip109
\subfloatcaptopadj=\skip110
\subfloatbottomskip=\skip111
\subfloatlabelskip=\skip112
\subfloatcapmargin=\dimen124
\c@@contsubnum=\count105
\beforeepigraphskip=\skip113
\afterepigraphskip=\skip114
\epigraphwidth=\skip115
\epigraphrule=\skip116
LaTeX Info: Redefining \emph on input line 4419.
LaTeX Info: Redefining \em on input line 4420.
\tocentryskip=\skip117
\tocbaseline=\skip118
\cftparskip=\skip119
\cftbeforepartskip=\skip120
\cftpartindent=\skip121
\cftpartnumwidth=\skip122
\cftbeforechapterskip=\skip123
\cftchapterindent=\skip124
\cftchapternumwidth=\skip125
\cftbeforesectionskip=\skip126
\cftsectionindent=\skip127
\cftsectionnumwidth=\skip128
\cftbeforesubsectionskip=\skip129
\cftsubsectionindent=\skip130
\cftsubsectionnumwidth=\skip131
\cftbeforesubsubsectionskip=\skip132
\cftsubsubsectionindent=\skip133
\cftsubsubsectionnumwidth=\skip134
\cftbeforeparagraphskip=\skip135
\cftparagraphindent=\skip136
\cftparagraphnumwidth=\skip137
\cftbeforesubparagraphskip=\skip138
\cftsubparagraphindent=\skip139
\cftsubparagraphnumwidth=\skip140
\c@maxsecnumdepth=\count106
\bibindent=\dimen125
\bibitemsep=\skip141
\indexcolsep=\skip142
\indexrule=\skip143
\indexmarkstyle=\toks18
\@indexbox=\insert233
\sideparvshift=\skip144
\sideins=\insert232
\sidebarhsep=\skip145
\sidebarvsep=\skip146
\sidebarwidth=\skip147
\footmarkwidth=\skip148
\footmarksep=\skip149
\footparindent=\skip150
\footinsdim=\skip151
\footinsv@r=\insert231
\@mpfootinsv@r=\insert230
\m@m@k=\count107
\m@m@h=\dimen126
\m@mipn@skip=\skip152
\c@sheetsequence=\count108
\c@lastsheet=\count109
\c@lastpage=\count110
\every@verbatim=\toks19
\afterevery@verbatim=\toks20
\verbatim@line=\toks21
\tab@position=\count111
\verbatim@in@stream=\read1
\verbatimindent=\skip153
\verbatim@out=\write3
\bvboxsep=\skip154
\c@bvlinectr=\count112
\bvnumlength=\skip155
\FrameRule=\dimen127
\FrameSep=\dimen128
\c@cp@cntr=\count113
LaTeX Info: Redefining \: on input line 7541.
LaTeX Info: Redefining \! on input line 7543.
\c@ism@mctr=\count114
\c@xsm@mctr=\count115
\c@csm@mctr=\count116
\c@ksm@mctr=\count117
\c@xksm@mctr=\count118
\c@cksm@mctr=\count119
\c@msm@mctr=\count120
\c@xmsm@mctr=\count121
\c@cmsm@mctr=\count122
\c@bsm@mctr=\count123
\c@workm@mctr=\count124
\c@figure=\count125
\c@lofdepth=\count126
\c@lofdepth=\count126
\cftbeforefigureskip=\skip156
\cftfigureindent=\skip157
\cftfigurenumwidth=\skip158
\c@table=\count126
\c@lotdepth=\count127
\c@lotdepth=\count127
\cftbeforetableskip=\skip159
\cfttableindent=\skip160
\cfttablenumwidth=\skip161
(C:\Users\Viktor\Documents\GitHub\Exjobbs-rapport\Skelett\mempatch.sty
File: mempatch.sty 2005/02/01 v3.5 Patches for memoir class v1.61
\abs@leftindent=\dimen129
LaTeX Info: Redefining \em on input line 142.
LaTeX Info: Redefining \em on input line 384.
LaTeX Info: Redefining \emph on input line 392.
))

******************************************************
Stock height and width: 845.04684pt by 597.50787pt
Top and edge trims: 0.0pt and 0.0pt
Page height and width: 845.04684pt by 597.50787pt
Text height and width: 595.80026pt by 396.0pt
Spine and edge margins: 100.75394pt and 100.75394pt
Upper and lower margins: 128.52342pt and 120.72316pt
Headheight and headsep: 13.6pt and 19.8738pt
Footskip: 27.46295pt
Columnsep and columnseprule: 10.0pt and 0.0pt
Marginparsep and marginparwidth: 7.0pt and 101.0pt
******************************************************

) ("C:\Program Files (x86)\MiKTeX 2.9\tex\latex\base\fontenc.sty"
Package: fontenc 2005/09/27 v1.99g Standard LaTeX package
("C:\Program Files (x86)\MiKTeX 2.9\tex\latex\base\t1enc.def"
File: t1enc.def 2005/09/27 v1.99g Standard LaTeX file
LaTeX Font Info:    Redeclaring font encoding T1 on input line 43.
)) ("C:\Program Files (x86)\MiKTeX 2.9\tex\latex\base\textcomp.sty"
Package: textcomp 2005/09/27 v1.99g Standard LaTeX package
Package textcomp Info: Sub-encoding information:
(textcomp)               5 = only ISO-Adobe without \textcurrency
(textcomp)               4 = 5 + \texteuro
(textcomp)               3 = 4 + \textohm
(textcomp)               2 = 3 + \textestimated + \textcurrency
(textcomp)               1 = TS1 - \textcircled - \t
(textcomp)               0 = TS1 (full)
(textcomp)             Font families with sub-encoding setting implement
(textcomp)             only a restricted character set as indicated.
(textcomp)             Family '?' is the default used for unknown fonts.
(textcomp)             See the documentation for details.
Package textcomp Info: Setting ? sub-encoding to TS1/1 on input line 71.
("C:\Program Files (x86)\MiKTeX 2.9\tex\latex\base\ts1enc.def"
File: ts1enc.def 2001/06/05 v3.0e (jk/car/fm) Standard LaTeX file
)
LaTeX Info: Redefining \oldstylenums on input line 266.
Package textcomp Info: Setting cmr sub-encoding to TS1/0 on input line 281.
Package textcomp Info: Setting cmss sub-encoding to TS1/0 on input line 282.
Package textcomp Info: Setting cmtt sub-encoding to TS1/0 on input line 283.
Package textcomp Info: Setting cmvtt sub-encoding to TS1/0 on input line 284.
Package textcomp Info: Setting cmbr sub-encoding to TS1/0 on input line 285.
Package textcomp Info: Setting cmtl sub-encoding to TS1/0 on input line 286.
Package textcomp Info: Setting ccr sub-encoding to TS1/0 on input line 287.
Package textcomp Info: Setting ptm sub-encoding to TS1/4 on input line 288.
Package textcomp Info: Setting pcr sub-encoding to TS1/4 on input line 289.
Package textcomp Info: Setting phv sub-encoding to TS1/4 on input line 290.
Package textcomp Info: Setting ppl sub-encoding to TS1/3 on input line 291.
Package textcomp Info: Setting pag sub-encoding to TS1/4 on input line 292.
Package textcomp Info: Setting pbk sub-encoding to TS1/4 on input line 293.
Package textcomp Info: Setting pnc sub-encoding to TS1/4 on input line 294.
Package textcomp Info: Setting pzc sub-encoding to TS1/4 on input line 295.
Package textcomp Info: Setting bch sub-encoding to TS1/4 on input line 296.
Package textcomp Info: Setting put sub-encoding to TS1/5 on input line 297.
Package textcomp Info: Setting uag sub-encoding to TS1/5 on input line 298.
Package textcomp Info: Setting ugq sub-encoding to TS1/5 on input line 299.
Package textcomp Info: Setting ul8 sub-encoding to TS1/4 on input line 300.
Package textcomp Info: Setting ul9 sub-encoding to TS1/4 on input line 301.
Package textcomp Info: Setting augie sub-encoding to TS1/5 on input line 302.
Package textcomp Info: Setting dayrom sub-encoding to TS1/3 on input line 303.
Package textcomp Info: Setting dayroms sub-encoding to TS1/3 on input line 304.

Package textcomp Info: Setting pxr sub-encoding to TS1/0 on input line 305.
Package textcomp Info: Setting pxss sub-encoding to TS1/0 on input line 306.
Package textcomp Info: Setting pxtt sub-encoding to TS1/0 on input line 307.
Package textcomp Info: Setting txr sub-encoding to TS1/0 on input line 308.
Package textcomp Info: Setting txss sub-encoding to TS1/0 on input line 309.
Package textcomp Info: Setting txtt sub-encoding to TS1/0 on input line 310.
Package textcomp Info: Setting lmr sub-encoding to TS1/0 on input line 311.
Package textcomp Info: Setting lmdh sub-encoding to TS1/0 on input line 312.
Package textcomp Info: Setting lmss sub-encoding to TS1/0 on input line 313.
Package textcomp Info: Setting lmssq sub-encoding to TS1/0 on input line 314.
Package textcomp Info: Setting lmvtt sub-encoding to TS1/0 on input line 315.
Package textcomp Info: Setting qhv sub-encoding to TS1/0 on input line 316.
Package textcomp Info: Setting qag sub-encoding to TS1/0 on input line 317.
Package textcomp Info: Setting qbk sub-encoding to TS1/0 on input line 318.
Package textcomp Info: Setting qcr sub-encoding to TS1/0 on input line 319.
Package textcomp Info: Setting qcs sub-encoding to TS1/0 on input line 320.
Package textcomp Info: Setting qpl sub-encoding to TS1/0 on input line 321.
Package textcomp Info: Setting qtm sub-encoding to TS1/0 on input line 322.
Package textcomp Info: Setting qzc sub-encoding to TS1/0 on input line 323.
Package textcomp Info: Setting qhvc sub-encoding to TS1/0 on input line 324.
Package textcomp Info: Setting futs sub-encoding to TS1/4 on input line 325.
Package textcomp Info: Setting futx sub-encoding to TS1/4 on input line 326.
Package textcomp Info: Setting futj sub-encoding to TS1/4 on input line 327.
Package textcomp Info: Setting hlh sub-encoding to TS1/3 on input line 328.
Package textcomp Info: Setting hls sub-encoding to TS1/3 on input line 329.
Package textcomp Info: Setting hlst sub-encoding to TS1/3 on input line 330.
Package textcomp Info: Setting hlct sub-encoding to TS1/5 on input line 331.
Package textcomp Info: Setting hlx sub-encoding to TS1/5 on input line 332.
Package textcomp Info: Setting hlce sub-encoding to TS1/5 on input line 333.
Package textcomp Info: Setting hlcn sub-encoding to TS1/5 on input line 334.
Package textcomp Info: Setting hlcw sub-encoding to TS1/5 on input line 335.
Package textcomp Info: Setting hlcf sub-encoding to TS1/5 on input line 336.
Package textcomp Info: Setting pplx sub-encoding to TS1/3 on input line 337.
Package textcomp Info: Setting pplj sub-encoding to TS1/3 on input line 338.
Package textcomp Info: Setting ptmx sub-encoding to TS1/4 on input line 339.
Package textcomp Info: Setting ptmj sub-encoding to TS1/4 on input line 340.
) ("C:\Program Files (x86)\MiKTeX 2.9\tex\latex\lm\lmodern.sty"
Package: lmodern 2009/10/30 v1.6 Latin Modern Fonts
LaTeX Font Info:    Overwriting symbol font `operators' in version `normal'
(Font)                  OT1/cmr/m/n --> OT1/lmr/m/n on input line 22.
LaTeX Font Info:    Overwriting symbol font `letters' in version `normal'
(Font)                  OML/cmm/m/it --> OML/lmm/m/it on input line 23.
LaTeX Font Info:    Overwriting symbol font `symbols' in version `normal'
(Font)                  OMS/cmsy/m/n --> OMS/lmsy/m/n on input line 24.
LaTeX Font Info:    Overwriting symbol font `largesymbols' in version `normal'
(Font)                  OMX/cmex/m/n --> OMX/lmex/m/n on input line 25.
LaTeX Font Info:    Overwriting symbol font `operators' in version `bold'
(Font)                  OT1/cmr/bx/n --> OT1/lmr/bx/n on input line 26.
LaTeX Font Info:    Overwriting symbol font `letters' in version `bold'
(Font)                  OML/cmm/b/it --> OML/lmm/b/it on input line 27.
LaTeX Font Info:    Overwriting symbol font `symbols' in version `bold'
(Font)                  OMS/cmsy/b/n --> OMS/lmsy/b/n on input line 28.
LaTeX Font Info:    Overwriting symbol font `largesymbols' in version `bold'
(Font)                  OMX/cmex/m/n --> OMX/lmex/m/n on input line 29.
LaTeX Font Info:    Overwriting math alphabet `\mathbf' in version `normal'
(Font)                  OT1/cmr/bx/n --> OT1/lmr/bx/n on input line 31.
LaTeX Font Info:    Overwriting math alphabet `\mathsf' in version `normal'
(Font)                  OT1/cmss/m/n --> OT1/lmss/m/n on input line 32.
LaTeX Font Info:    Overwriting math alphabet `\mathit' in version `normal'
(Font)                  OT1/cmr/m/it --> OT1/lmr/m/it on input line 33.
LaTeX Font Info:    Overwriting math alphabet `\mathtt' in version `normal'
(Font)                  OT1/cmtt/m/n --> OT1/lmtt/m/n on input line 34.
LaTeX Font Info:    Overwriting math alphabet `\mathbf' in version `bold'
(Font)                  OT1/cmr/bx/n --> OT1/lmr/bx/n on input line 35.
LaTeX Font Info:    Overwriting math alphabet `\mathsf' in version `bold'
(Font)                  OT1/cmss/bx/n --> OT1/lmss/bx/n on input line 36.
LaTeX Font Info:    Overwriting math alphabet `\mathit' in version `bold'
(Font)                  OT1/cmr/bx/it --> OT1/lmr/bx/it on input line 37.
LaTeX Font Info:    Overwriting math alphabet `\mathtt' in version `bold'
(Font)                  OT1/cmtt/m/n --> OT1/lmtt/m/n on input line 38.
) ("C:\Program Files (x86)\MiKTeX 2.9\tex\latex\amsmath\amsmath.sty"
Package: amsmath 2013/01/14 v2.14 AMS math features
\@mathmargin=\skip162
For additional information on amsmath, use the `?' option.
("C:\Program Files (x86)\MiKTeX 2.9\tex\latex\amsmath\amstext.sty"
Package: amstext 2000/06/29 v2.01
("C:\Program Files (x86)\MiKTeX 2.9\tex\latex\amsmath\amsgen.sty"
File: amsgen.sty 1999/11/30 v2.0
\@emptytoks=\toks22
\ex@=\dimen130
)) ("C:\Program Files (x86)\MiKTeX 2.9\tex\latex\amsmath\amsbsy.sty"
Package: amsbsy 1999/11/29 v1.2d
\pmbraise@=\dimen131
) ("C:\Program Files (x86)\MiKTeX 2.9\tex\latex\amsmath\amsopn.sty"
Package: amsopn 1999/12/14 v2.01 operator names
)
\inf@bad=\count127
LaTeX Info: Redefining \frac on input line 210.
\uproot@=\count128
\leftroot@=\count129
LaTeX Info: Redefining \overline on input line 306.
\classnum@=\count130
\DOTSCASE@=\count131
LaTeX Info: Redefining \ldots on input line 378.
LaTeX Info: Redefining \dots on input line 381.
LaTeX Info: Redefining \cdots on input line 466.
\Mathstrutbox@=\box26
\strutbox@=\box27
\big@size=\dimen132
LaTeX Font Info:    Redeclaring font encoding OML on input line 566.
LaTeX Font Info:    Redeclaring font encoding OMS on input line 567.
\macc@depth=\count132
\c@MaxMatrixCols=\count133
\dotsspace@=\muskip10
\c@parentequation=\count134
\dspbrk@lvl=\count135
\tag@help=\toks23
\row@=\count136
\column@=\count137
\maxfields@=\count138
\andhelp@=\toks24
\eqnshift@=\dimen133
\alignsep@=\dimen134
\tagshift@=\dimen135
\tagwidth@=\dimen136
\totwidth@=\dimen137
\lineht@=\dimen138
\@envbody=\toks25
\multlinegap=\skip163
\multlinetaggap=\skip164
\mathdisplay@stack=\toks26
LaTeX Info: Redefining \[ on input line 2665.
LaTeX Info: Redefining \] on input line 2666.
) ("C:\Program Files (x86)\MiKTeX 2.9\tex\latex\base\inputenc.sty"
Package: inputenc 2008/03/30 v1.1d Input encoding file
\inpenc@prehook=\toks27
\inpenc@posthook=\toks28
("C:\Program Files (x86)\MiKTeX 2.9\tex\latex\base\latin1.def"
File: latin1.def 2008/03/30 v1.1d Input encoding file
)) ("C:\Program Files (x86)\MiKTeX 2.9\tex\generic\babel\babel.sty"
Package: babel 2008/07/08 v3.8m The Babel package
*************************************
* Local config file bblopts.cfg used
*
("C:\Program Files (x86)\MiKTeX 2.9\tex\latex\00miktex\bblopts.cfg"
File: bblopts.cfg 2006/07/31 v1.0 MiKTeX 'babel' configuration
) ("C:\Program Files (x86)\MiKTeX 2.9\tex\generic\babel\swedish.ldf"
Language: swedish 2005/03/31 v2.3d Swedish support from the babel system
("C:\Program Files (x86)\MiKTeX 2.9\tex\generic\babel\babel.def"
File: babel.def 2008/07/08 v3.8m Babel common definitions
\babel@savecnt=\count139
\U@D=\dimen139
)
Package babel Info: Making " an active character on input line 90.
) ("C:\Program Files (x86)\MiKTeX 2.9\tex\generic\babel\english.ldf"
Language: english 2005/03/30 v3.3o English support from the babel system
\l@canadian = a dialect from \language\l@american 
\l@australian = a dialect from \language\l@british 
\l@newzealand = a dialect from \language\l@british 
)) ("C:\Program Files (x86)\MiKTeX 2.9\tex\latex\graphics\graphicx.sty"
Package: graphicx 1999/02/16 v1.0f Enhanced LaTeX Graphics (DPC,SPQR)
("C:\Program Files (x86)\MiKTeX 2.9\tex\latex\graphics\keyval.sty"
Package: keyval 1999/03/16 v1.13 key=value parser (DPC)
\KV@toks@=\toks29
) ("C:\Program Files (x86)\MiKTeX 2.9\tex\latex\graphics\graphics.sty"
Package: graphics 2009/02/05 v1.0o Standard LaTeX Graphics (DPC,SPQR)
("C:\Program Files (x86)\MiKTeX 2.9\tex\latex\graphics\trig.sty"
Package: trig 1999/03/16 v1.09 sin cos tan (DPC)
) ("C:\Program Files (x86)\MiKTeX 2.9\tex\latex\00miktex\graphics.cfg"
File: graphics.cfg 2007/01/18 v1.5 graphics configuration of teTeX/TeXLive
)
Package graphics Info: Driver file: pdftex.def on input line 91.
("C:\Program Files (x86)\MiKTeX 2.9\tex\latex\pdftex-def\pdftex.def"
File: pdftex.def 2011/05/27 v0.06d Graphics/color for pdfTeX
("C:\Program Files (x86)\MiKTeX 2.9\tex\generic\oberdiek\infwarerr.sty"
Package: infwarerr 2010/04/08 v1.3 Providing info/warning/error messages (HO)
) ("C:\Program Files (x86)\MiKTeX 2.9\tex\generic\oberdiek\ltxcmds.sty"
Package: ltxcmds 2011/11/09 v1.22 LaTeX kernel commands for general use (HO)
)
\Gread@gobject=\count140
))
\Gin@req@height=\dimen140
\Gin@req@width=\dimen141
) (C:\Users\Viktor\Documents\GitHub\Exjobbs-rapport\Skelett\modifications.sty
Package: modifications 2005/10/21
)
(C:\Users\Viktor\Documents\GitHub\Exjobbs-rapport\Skelett\build\VIKTOR-GUMMESSO
N-skelett.aux

C:\Users\Viktor\Documents\GitHub\Exjobbs-rapport\Skelett\build\VIKTOR-GUMMESSON
-skelett.aux:12: Package babel Error: You haven't defined the language Swedish 
yet.

See the babel package documentation for explanation.
Type  H <return>  for immediate help
Your command will be ignored, type <return> to proceed

)
LaTeX Font Info:    Checking defaults for OML/cmm/m/it on input line 20.
LaTeX Font Info:    ... okay on input line 20.
LaTeX Font Info:    Checking defaults for T1/cmr/m/n on input line 20.
LaTeX Font Info:    ... okay on input line 20.
LaTeX Font Info:    Checking defaults for OT1/cmr/m/n on input line 20.
LaTeX Font Info:    ... okay on input line 20.
LaTeX Font Info:    Checking defaults for OMS/cmsy/m/n on input line 20.
LaTeX Font Info:    ... okay on input line 20.
LaTeX Font Info:    Checking defaults for OMX/cmex/m/n on input line 20.
LaTeX Font Info:    ... okay on input line 20.
LaTeX Font Info:    Checking defaults for U/cmr/m/n on input line 20.
LaTeX Font Info:    ... okay on input line 20.
LaTeX Font Info:    Checking defaults for TS1/cmr/m/n on input line 20.
LaTeX Font Info:    Try loading font information for TS1+cmr on input line 20.
 ("C:\Program Files (x86)\MiKTeX 2.9\tex\latex\base\ts1cmr.fd"
File: ts1cmr.fd 1999/05/25 v2.5h Standard LaTeX font definitions
)
LaTeX Font Info:    ... okay on input line 20.
LaTeX Font Info:    Try loading font information for T1+lmr on input line 20.
 ("C:\Program Files (x86)\MiKTeX 2.9\tex\latex\lm\t1lmr.fd"
File: t1lmr.fd 2009/10/30 v1.6 Font defs for Latin Modern
)
\c@lofdepth=\count141
\c@lotdepth=\count142

("C:\Program Files (x86)\MiKTeX 2.9\tex\context\base\supp-pdf.mkii"
[Loading MPS to PDF converter (version 2006.09.02).]
\scratchcounter=\count143
\scratchdimen=\dimen142
\scratchbox=\box28
\nofMPsegments=\count144
\nofMParguments=\count145
\everyMPshowfont=\toks30
\MPscratchCnt=\count146
\MPscratchDim=\dimen143
\MPnumerator=\count147
\makeMPintoPDFobject=\count148
\everyMPtoPDFconversion=\toks31
)
LaTeX Font Info:    Try loading font information for T1+lmss on input line 24.
 ("C:\Program Files (x86)\MiKTeX 2.9\tex\latex\lm\t1lmss.fd"
File: t1lmss.fd 2009/10/30 v1.6 Font defs for Latin Modern
)
<kth_svv_comp_science_comm.pdf, id=1, 410.53375pt x 468.75125pt>
File: kth_svv_comp_science_comm.pdf Graphic file (type pdf)
 <use kth_svv_comp_science_comm.pdf>
Package pdftex.def Info: kth_svv_comp_science_comm.pdf used on input line 24.
(pdftex.def)             Requested size: 410.53275pt x 468.75009pt.


C:/Users/Viktor/Documents/GitHub/Exjobbs-rapport/Skelett/VIKTOR-GUMMESSON-skele
tt.tex:24: Package babel Error: You haven't defined the language Swedish yet.

See the babel package documentation for explanation.
Type  H <return>  for immediate help
Your command will be ignored, type <return> to proceed


C:/Users/Viktor/Documents/GitHub/Exjobbs-rapport/Skelett/VIKTOR-GUMMESSON-skele
tt.tex:24: Undefined control sequence
The control sequence at the end of the top line
of your error message was never \def'ed. If you have
misspelled it (e.g., `\hobx'), type `I' and the correct
spelling (e.g., `I\hbox'). Otherwise just continue,
and I'll forget about whatever was undefined.

 [1


{C:/ProgramData/MiKTeX/2.9/pdftex/config/pdftex.map} <C:/Users/Viktor/Documents
/GitHub/Exjobbs-rapport/Skelett/kth_svv_comp_science_comm.pdf>] [2

]
LaTeX Font Info:    Try loading font information for OT1+lmr on input line 26.

("C:\Program Files (x86)\MiKTeX 2.9\tex\latex\lm\ot1lmr.fd"
File: ot1lmr.fd 2009/10/30 v1.6 Font defs for Latin Modern
)
LaTeX Font Info:    Try loading font information for OML+lmm on input line 26.

("C:\Program Files (x86)\MiKTeX 2.9\tex\latex\lm\omllmm.fd"
File: omllmm.fd 2009/10/30 v1.6 Font defs for Latin Modern
)
LaTeX Font Info:    Try loading font information for OMS+lmsy on input line 26.


("C:\Program Files (x86)\MiKTeX 2.9\tex\latex\lm\omslmsy.fd"
File: omslmsy.fd 2009/10/30 v1.6 Font defs for Latin Modern
)
LaTeX Font Info:    Try loading font information for OMX+lmex on input line 26.


("C:\Program Files (x86)\MiKTeX 2.9\tex\latex\lm\omxlmex.fd"
File: omxlmex.fd 2009/10/30 v1.6 Font defs for Latin Modern
)
LaTeX Font Info:    External font `lmex10' loaded for size
(Font)              <10.95> on input line 26.
LaTeX Font Info:    External font `lmex10' loaded for size
(Font)              <8> on input line 26.
LaTeX Font Info:    External font `lmex10' loaded for size
(Font)              <6> on input line 26.
 [3]
LaTeX Font Info:    External font `lmex10' loaded for size
(Font)              <10> on input line 29.
LaTeX Font Info:    External font `lmex10' loaded for size
(Font)              <7> on input line 29.
LaTeX Font Info:    External font `lmex10' loaded for size
(Font)              <5> on input line 29.
 [4

]
(C:\Users\Viktor\Documents\GitHub\Exjobbs-rapport\Skelett\build\VIKTOR-GUMMESSO
N-skelett.toc


C:\Users\Viktor\Documents\GitHub\Exjobbs-rapport\Skelett\build\VIKTOR-GUMMESSON
-skelett.toc:4: Package babel Error: You haven't defined the language Swedish y
et.

See the babel package documentation for explanation.
Type  H <return>  for immediate help
Your command will be ignored, type <return> to proceed

 [5

]) [6] [1


]

LaTeX Warning: Citation `Marks91thecomputational' on page 2 undefined on input 
line 56.

LaTeX Font Info:    Try loading font information for TS1+lmr on input line 59.
 ("C:\Program Files (x86)\MiKTeX 2.9\tex\latex\lm\ts1lmr.fd"
File: ts1lmr.fd 2009/10/30 v1.6 Font defs for Latin Modern
)

LaTeX Warning: Citation `195097' on page 2 undefined on input line 64.

 <Pics/HairBallGraph.png, id=35, 1027.84pt x 1027.84pt>
File: Pics/HairBallGraph.png Graphic file (type png)
 <use Pics/HairBallGraph.png>
Package pdftex.def Info: Pics/HairBallGraph.png used on input line 75.
(pdftex.def)             Requested size: 411.12872pt x 411.12872pt.

Overfull \hbox (15.12872pt too wide) in paragraph at lines 75--76
 [][] 
 []


Underfull \hbox (badness 10000) in paragraph at lines 80--88

 []


Underfull \hbox (badness 10000) in paragraph at lines 80--88

 []


Underfull \hbox (badness 10000) in paragraph at lines 80--88

 []


Underfull \hbox (badness 10000) in paragraph at lines 80--88

 []

 [2] [3 <C:/Users/Viktor/Documents/GitHub/Exjobbs-rapport/Skelett/Pics/HairBall
Graph.png>] [4]

LaTeX Warning: Citation `1338' on page 5 undefined on input line 101.

 <Pics/ForceDirectedEx1.png, id=50, 1003.75pt x 1003.75pt>
File: Pics/ForceDirectedEx1.png Graphic file (type png)
 <use Pics/ForceDirectedEx1.png>
Package pdftex.def Info: Pics/ForceDirectedEx1.png used on input line 105.
(pdftex.def)             Requested size: 301.12732pt x 301.12732pt.

LaTeX Warning: Citation `tutteFD' on page 5 undefined on input line 111.


LaTeX Warning: Citation `1338' on page 5 undefined on input line 111.


LaTeX Warning: Citation `ead' on page 5 undefined on input line 111.


LaTeX Warning: Citation `fr' on page 5 undefined on input line 111.


LaTeX Warning: Citation `1338' on page 5 undefined on input line 112.


C:/Users/Viktor/Documents/GitHub/Exjobbs-rapport/Skelett/VIKTOR-GUMMESSON-skele
tt.tex:121: Missing number, treated as zero
A number should have been here; I inserted `0'.
(If you can't figure out why I needed to see a number,
look up `weird error' in the index to The TeXbook.)


C:/Users/Viktor/Documents/GitHub/Exjobbs-rapport/Skelett/VIKTOR-GUMMESSON-skele
tt.tex:121: Illegal unit of measure (pt inserted)
Dimensions can be in units of em, ex, in, pt, pc,
cm, mm, dd, cc, nd, nc, bp, or sp; but yours is a new one!
I'll assume that you meant to say pt, for printer's points.
To recover gracefully from this error, it's best to
delete the erroneous units; e.g., type `2' to delete
two letters. (See Chapter 27 of The TeXbook.)


C:/Users/Viktor/Documents/GitHub/Exjobbs-rapport/Skelett/VIKTOR-GUMMESSON-skele
tt.tex:122: Missing $ inserted
I've inserted a begin-math/end-math symbol since I think
you left one out. Proceed, with fingers crossed.


C:/Users/Viktor/Documents/GitHub/Exjobbs-rapport/Skelett/VIKTOR-GUMMESSON-skele
tt.tex:122: Extra }, or forgotten $
I've deleted a group-closing symbol because it seems to be
spurious, as in `$x}$'. But perhaps the } is legitimate and
you forgot something else, as in `\hbox{$x}'. In such cases
the way to recover is to insert both the forgotten and the
deleted material, e.g., by typing `I$}'.


C:/Users/Viktor/Documents/GitHub/Exjobbs-rapport/Skelett/VIKTOR-GUMMESSON-skele
tt.tex:124: Missing $ inserted
I've inserted something that you may have forgotten.
(See the <inserted text> above.)
With luck, this will get me unwedged. But if you
really didn't forget anything, try typing `2' now; then
my insertion and my current dilemma will both disappear.


C:/Users/Viktor/Documents/GitHub/Exjobbs-rapport/Skelett/VIKTOR-GUMMESSON-skele
tt.tex:124: Missing } inserted
I've inserted something that you may have forgotten.
(See the <inserted text> above.)
With luck, this will get me unwedged. But if you
really didn't forget anything, try typing `2' now; then
my insertion and my current dilemma will both disappear.


C:/Users/Viktor/Documents/GitHub/Exjobbs-rapport/Skelett/VIKTOR-GUMMESSON-skele
tt.tex:134: Missing number, treated as zero
A number should have been here; I inserted `0'.
(If you can't figure out why I needed to see a number,
look up `weird error' in the index to The TeXbook.)


C:/Users/Viktor/Documents/GitHub/Exjobbs-rapport/Skelett/VIKTOR-GUMMESSON-skele
tt.tex:134: Illegal unit of measure (pt inserted)
Dimensions can be in units of em, ex, in, pt, pc,
cm, mm, dd, cc, nd, nc, bp, or sp; but yours is a new one!
I'll assume that you meant to say pt, for printer's points.
To recover gracefully from this error, it's best to
delete the erroneous units; e.g., type `2' to delete
two letters. (See Chapter 27 of The TeXbook.)


C:/Users/Viktor/Documents/GitHub/Exjobbs-rapport/Skelett/VIKTOR-GUMMESSON-skele
tt.tex:135: Extra }, or forgotten $
I've deleted a group-closing symbol because it seems to be
spurious, as in `$x}$'. But perhaps the } is legitimate and
you forgot something else, as in `\hbox{$x}'. In such cases
the way to recover is to insert both the forgotten and the
deleted material, e.g., by typing `I$}'.


C:/Users/Viktor/Documents/GitHub/Exjobbs-rapport/Skelett/VIKTOR-GUMMESSON-skele
tt.tex:137: Missing $ inserted
I've inserted something that you may have forgotten.
(See the <inserted text> above.)
With luck, this will get me unwedged. But if you
really didn't forget anything, try typing `2' now; then
my insertion and my current dilemma will both disappear.


C:/Users/Viktor/Documents/GitHub/Exjobbs-rapport/Skelett/VIKTOR-GUMMESSON-skele
tt.tex:137: Missing } inserted
I've inserted something that you may have forgotten.
(See the <inserted text> above.)
With luck, this will get me unwedged. But if you
really didn't forget anything, try typing `2' now; then
my insertion and my current dilemma will both disappear.

 <Pics/FR-part2.png, id=51, 349.305pt x 91.09032pt>
File: Pics/FR-part2.png Graphic file (type png)
 <use Pics/FR-part2.png>
Package pdftex.def Info: Pics/FR-part2.png used on input line 144.
(pdftex.def)             Requested size: 349.30414pt x 91.09007pt.

Underfull \hbox (badness 10000) in paragraph at lines 110--146

 []


Underfull \hbox (badness 10000) in paragraph at lines 110--146

 []


Underfull \hbox (badness 10000) in paragraph at lines 110--146

 []


Underfull \hbox (badness 10000) in paragraph at lines 110--146

 []


Underfull \hbox (badness 10000) in paragraph at lines 110--146

 []


Underfull \hbox (badness 10000) in paragraph at lines 110--146

 []


Underfull \hbox (badness 10000) in paragraph at lines 110--146

 []


Underfull \hbox (badness 10000) in paragraph at lines 110--146

 []

 [5

]
Underfull \vbox (badness 10000) has occurred while \output is active []

 [6 <C:/Users/Viktor/Documents/GitHub/Exjobbs-rapport/Skelett/Pics/ForceDirecte
dEx1.png (PNG copy)>]

LaTeX Warning: Citation `1338' on page 7 undefined on input line 148.


C:/Users/Viktor/Documents/GitHub/Exjobbs-rapport/Skelett/VIKTOR-GUMMESSON-skele
tt.tex:150: Missing number, treated as zero
A number should have been here; I inserted `0'.
(If you can't figure out why I needed to see a number,
look up `weird error' in the index to The TeXbook.)


C:/Users/Viktor/Documents/GitHub/Exjobbs-rapport/Skelett/VIKTOR-GUMMESSON-skele
tt.tex:150: Illegal unit of measure (pt inserted)
Dimensions can be in units of em, ex, in, pt, pc,
cm, mm, dd, cc, nd, nc, bp, or sp; but yours is a new one!
I'll assume that you meant to say pt, for printer's points.
To recover gracefully from this error, it's best to
delete the erroneous units; e.g., type `2' to delete
two letters. (See Chapter 27 of The TeXbook.)


C:/Users/Viktor/Documents/GitHub/Exjobbs-rapport/Skelett/VIKTOR-GUMMESSON-skele
tt.tex:153: Missing $ inserted
I've inserted something that you may have forgotten.
(See the <inserted text> above.)
With luck, this will get me unwedged. But if you
really didn't forget anything, try typing `2' now; then
my insertion and my current dilemma will both disappear.


C:/Users/Viktor/Documents/GitHub/Exjobbs-rapport/Skelett/VIKTOR-GUMMESSON-skele
tt.tex:156: Missing number, treated as zero
A number should have been here; I inserted `0'.
(If you can't figure out why I needed to see a number,
look up `weird error' in the index to The TeXbook.)


C:/Users/Viktor/Documents/GitHub/Exjobbs-rapport/Skelett/VIKTOR-GUMMESSON-skele
tt.tex:156: Illegal unit of measure (pt inserted)
Dimensions can be in units of em, ex, in, pt, pc,
cm, mm, dd, cc, nd, nc, bp, or sp; but yours is a new one!
I'll assume that you meant to say pt, for printer's points.
To recover gracefully from this error, it's best to
delete the erroneous units; e.g., type `2' to delete
two letters. (See Chapter 27 of The TeXbook.)


C:/Users/Viktor/Documents/GitHub/Exjobbs-rapport/Skelett/VIKTOR-GUMMESSON-skele
tt.tex:157: Extra }, or forgotten $
I've deleted a group-closing symbol because it seems to be
spurious, as in `$x}$'. But perhaps the } is legitimate and
you forgot something else, as in `\hbox{$x}'. In such cases
the way to recover is to insert both the forgotten and the
deleted material, e.g., by typing `I$}'.


C:/Users/Viktor/Documents/GitHub/Exjobbs-rapport/Skelett/VIKTOR-GUMMESSON-skele
tt.tex:159: Missing $ inserted
I've inserted something that you may have forgotten.
(See the <inserted text> above.)
With luck, this will get me unwedged. But if you
really didn't forget anything, try typing `2' now; then
my insertion and my current dilemma will both disappear.


C:/Users/Viktor/Documents/GitHub/Exjobbs-rapport/Skelett/VIKTOR-GUMMESSON-skele
tt.tex:159: Missing } inserted
I've inserted something that you may have forgotten.
(See the <inserted text> above.)
With luck, this will get me unwedged. But if you
really didn't forget anything, try typing `2' now; then
my insertion and my current dilemma will both disappear.


C:/Users/Viktor/Documents/GitHub/Exjobbs-rapport/Skelett/VIKTOR-GUMMESSON-skele
tt.tex:162: Missing number, treated as zero
A number should have been here; I inserted `0'.
(If you can't figure out why I needed to see a number,
look up `weird error' in the index to The TeXbook.)


C:/Users/Viktor/Documents/GitHub/Exjobbs-rapport/Skelett/VIKTOR-GUMMESSON-skele
tt.tex:162: Illegal unit of measure (pt inserted)
Dimensions can be in units of em, ex, in, pt, pc,
cm, mm, dd, cc, nd, nc, bp, or sp; but yours is a new one!
I'll assume that you meant to say pt, for printer's points.
To recover gracefully from this error, it's best to
delete the erroneous units; e.g., type `2' to delete
two letters. (See Chapter 27 of The TeXbook.)


C:/Users/Viktor/Documents/GitHub/Exjobbs-rapport/Skelett/VIKTOR-GUMMESSON-skele
tt.tex:163: Extra }, or forgotten $
I've deleted a group-closing symbol because it seems to be
spurious, as in `$x}$'. But perhaps the } is legitimate and
you forgot something else, as in `\hbox{$x}'. In such cases
the way to recover is to insert both the forgotten and the
deleted material, e.g., by typing `I$}'.


C:/Users/Viktor/Documents/GitHub/Exjobbs-rapport/Skelett/VIKTOR-GUMMESSON-skele
tt.tex:165: Missing $ inserted
I've inserted something that you may have forgotten.
(See the <inserted text> above.)
With luck, this will get me unwedged. But if you
really didn't forget anything, try typing `2' now; then
my insertion and my current dilemma will both disappear.


C:/Users/Viktor/Documents/GitHub/Exjobbs-rapport/Skelett/VIKTOR-GUMMESSON-skele
tt.tex:165: Missing } inserted
I've inserted something that you may have forgotten.
(See the <inserted text> above.)
With luck, this will get me unwedged. But if you
really didn't forget anything, try typing `2' now; then
my insertion and my current dilemma will both disappear.


Underfull \hbox (badness 10000) in paragraph at lines 147--166

 []


Underfull \hbox (badness 10000) in paragraph at lines 147--166

 []


Underfull \hbox (badness 10000) in paragraph at lines 147--166

 []


Underfull \hbox (badness 10000) in paragraph at lines 147--166

 []

 <Pics/FR.png, id=63, 355.3275pt x 435.12563pt>
File: Pics/FR.png Graphic file (type png)
 <use Pics/FR.png>
Package pdftex.def Info: Pics/FR.png used on input line 171.
(pdftex.def)             Requested size: 355.32661pt x 435.12456pt.

LaTeX Warning: Citation `handh' on page 7 undefined on input line 177.



C:/Users/Viktor/Documents/GitHub/Exjobbs-rapport/Skelett/VIKTOR-GUMMESSON-skele
tt.tex:198: Package inputenc Error: Keyboard character used is undefined
(inputenc)                in inputencoding `latin1'.

See the inputenc package documentation for explanation.
Type  H <return>  for immediate help
You need to provide a definition with \DeclareInputText 
or \DeclareInputMath before using this key.



C:/Users/Viktor/Documents/GitHub/Exjobbs-rapport/Skelett/VIKTOR-GUMMESSON-skele
tt.tex:198: Package inputenc Error: Keyboard character used is undefined
(inputenc)                in inputencoding `latin1'.

See the inputenc package documentation for explanation.
Type  H <return>  for immediate help
You need to provide a definition with \DeclareInputText 
or \DeclareInputMath before using this key.



C:/Users/Viktor/Documents/GitHub/Exjobbs-rapport/Skelett/VIKTOR-GUMMESSON-skele
tt.tex:198: Package inputenc Error: Keyboard character used is undefined
(inputenc)                in inputencoding `latin1'.

See the inputenc package documentation for explanation.
Type  H <return>  for immediate help
You need to provide a definition with \DeclareInputText 
or \DeclareInputMath before using this key.



C:/Users/Viktor/Documents/GitHub/Exjobbs-rapport/Skelett/VIKTOR-GUMMESSON-skele
tt.tex:198: Package inputenc Error: Keyboard character used is undefined
(inputenc)                in inputencoding `latin1'.

See the inputenc package documentation for explanation.
Type  H <return>  for immediate help
You need to provide a definition with \DeclareInputText 
or \DeclareInputMath before using this key.



C:/Users/Viktor/Documents/GitHub/Exjobbs-rapport/Skelett/VIKTOR-GUMMESSON-skele
tt.tex:198: Package inputenc Error: Keyboard character used is undefined
(inputenc)                in inputencoding `latin1'.

See the inputenc package documentation for explanation.
Type  H <return>  for immediate help
You need to provide a definition with \DeclareInputText 
or \DeclareInputMath before using this key.



C:/Users/Viktor/Documents/GitHub/Exjobbs-rapport/Skelett/VIKTOR-GUMMESSON-skele
tt.tex:198: Package inputenc Error: Keyboard character used is undefined
(inputenc)                in inputencoding `latin1'.

See the inputenc package documentation for explanation.
Type  H <return>  for immediate help
You need to provide a definition with \DeclareInputText 
or \DeclareInputMath before using this key.



C:/Users/Viktor/Documents/GitHub/Exjobbs-rapport/Skelett/VIKTOR-GUMMESSON-skele
tt.tex:198: Package inputenc Error: Keyboard character used is undefined
(inputenc)                in inputencoding `latin1'.

See the inputenc package documentation for explanation.
Type  H <return>  for immediate help
You need to provide a definition with \DeclareInputText 
or \DeclareInputMath before using this key.



C:/Users/Viktor/Documents/GitHub/Exjobbs-rapport/Skelett/VIKTOR-GUMMESSON-skele
tt.tex:198: Package inputenc Error: Keyboard character used is undefined
(inputenc)                in inputencoding `latin1'.

See the inputenc package documentation for explanation.
Type  H <return>  for immediate help
You need to provide a definition with \DeclareInputText 
or \DeclareInputMath before using this key.



C:/Users/Viktor/Documents/GitHub/Exjobbs-rapport/Skelett/VIKTOR-GUMMESSON-skele
tt.tex:198: Package inputenc Error: Keyboard character used is undefined
(inputenc)                in inputencoding `latin1'.

See the inputenc package documentation for explanation.
Type  H <return>  for immediate help
You need to provide a definition with \DeclareInputText 
or \DeclareInputMath before using this key.



C:/Users/Viktor/Documents/GitHub/Exjobbs-rapport/Skelett/VIKTOR-GUMMESSON-skele
tt.tex:198: Package inputenc Error: Keyboard character used is undefined
(inputenc)                in inputencoding `latin1'.

See the inputenc package documentation for explanation.
Type  H <return>  for immediate help
You need to provide a definition with \DeclareInputText 
or \DeclareInputMath before using this key.


Underfull \hbox (badness 10000) in paragraph at lines 180--198

 []


Underfull \hbox (badness 10000) in paragraph at lines 180--198

 []


Underfull \vbox (badness 10000) has occurred while \output is active []

 [7 <C:/Users/Viktor/Documents/GitHub/Exjobbs-rapport/Skelett/Pics/FR-part2.png
>] [8 <C:/Users/Viktor/Documents/GitHub/Exjobbs-rapport/Skelett/Pics/FR.png>]

LaTeX Warning: Citation `Schaffer:1996:NHC:230562.230577' on page 9 undefined o
n input line 208.

 [9]
Underfull \hbox (badness 10000) in paragraph at lines 225--232

 []

 <Pics/FishEye.png, id=80, 328.97906pt x 99.37125pt>
File: Pics/FishEye.png Graphic file (type png)
 <use Pics/FishEye.png>
Package pdftex.def Info: Pics/FishEye.png used on input line 233.
(pdftex.def)             Requested size: 328.97826pt x 99.371pt.

LaTeX Warning: Citation `23102059' on page 10 undefined on input line 238.

 [10 <C:/Users/Viktor/Documents/GitHub/Exjobbs-rapport/Skelett/Pics/FishEye.png
>]

LaTeX Warning: Citation `23102059' on page 11 undefined on input line 251.


Underfull \hbox (badness 10000) in paragraph at lines 250--256

 []



C:/Users/Viktor/Documents/GitHub/Exjobbs-rapport/Skelett/VIKTOR-GUMMESSON-skele
tt.tex:270: LaTeX Error: There's no line here to end.

See the LaTeX manual or LaTeX Companion for explanation.
Type  H <return>  for immediate help
Your command was ignored.
Type  I <command> <return>  to replace it with another command,
or  <return>  to continue without it.



C:/Users/Viktor/Documents/GitHub/Exjobbs-rapport/Skelett/VIKTOR-GUMMESSON-skele
tt.tex:271: LaTeX Error: There's no line here to end.

See the LaTeX manual or LaTeX Companion for explanation.
Type  H <return>  for immediate help
Your command was ignored.
Type  I <command> <return>  to replace it with another command,
or  <return>  to continue without it.


C:/Users/Viktor/Documents/GitHub/Exjobbs-rapport/Skelett/VIKTOR-GUMMESSON-skele
tt.tex:278: Missing number, treated as zero
A number should have been here; I inserted `0'.
(If you can't figure out why I needed to see a number,
look up `weird error' in the index to The TeXbook.)


C:/Users/Viktor/Documents/GitHub/Exjobbs-rapport/Skelett/VIKTOR-GUMMESSON-skele
tt.tex:278: Illegal unit of measure (pt inserted)
Dimensions can be in units of em, ex, in, pt, pc,
cm, mm, dd, cc, nd, nc, bp, or sp; but yours is a new one!
I'll assume that you meant to say pt, for printer's points.
To recover gracefully from this error, it's best to
delete the erroneous units; e.g., type `2' to delete
two letters. (See Chapter 27 of The TeXbook.)


C:/Users/Viktor/Documents/GitHub/Exjobbs-rapport/Skelett/VIKTOR-GUMMESSON-skele
tt.tex:278: Missing $ inserted
I've inserted something that you may have forgotten.
(See the <inserted text> above.)
With luck, this will get me unwedged. But if you
really didn't forget anything, try typing `2' now; then
my insertion and my current dilemma will both disappear.


C:/Users/Viktor/Documents/GitHub/Exjobbs-rapport/Skelett/VIKTOR-GUMMESSON-skele
tt.tex:279: Missing number, treated as zero
A number should have been here; I inserted `0'.
(If you can't figure out why I needed to see a number,
look up `weird error' in the index to The TeXbook.)


C:/Users/Viktor/Documents/GitHub/Exjobbs-rapport/Skelett/VIKTOR-GUMMESSON-skele
tt.tex:279: Illegal unit of measure (pt inserted)
Dimensions can be in units of em, ex, in, pt, pc,
cm, mm, dd, cc, nd, nc, bp, or sp; but yours is a new one!
I'll assume that you meant to say pt, for printer's points.
To recover gracefully from this error, it's best to
delete the erroneous units; e.g., type `2' to delete
two letters. (See Chapter 27 of The TeXbook.)


C:/Users/Viktor/Documents/GitHub/Exjobbs-rapport/Skelett/VIKTOR-GUMMESSON-skele
tt.tex:279: Missing $ inserted
I've inserted something that you may have forgotten.
(See the <inserted text> above.)
With luck, this will get me unwedged. But if you
really didn't forget anything, try typing `2' now; then
my insertion and my current dilemma will both disappear.

 [11] <Pics/BIODefault.png, id=89, 537.50812pt x 527.72156pt>
File: Pics/BIODefault.png Graphic file (type png)
 <use Pics/BIODefault.png>
Package pdftex.def Info: Pics/BIODefault.png used on input line 298.
(pdftex.def)             Requested size: 376.25311pt x 369.40257pt.

LaTeX Warning: Citation `website:Wikipedia' on page 12 undefined on input line 
312.


LaTeX Warning: Citation `website:Wikipedia2' on page 12 undefined on input line
 312.


Underfull \hbox (badness 10000) in paragraph at lines 311--315

 []

 <Pics/BIOSim.png, id=90, 733.23938pt x 269.50688pt>
File: Pics/BIOSim.png Graphic file (type png)
 <use Pics/BIOSim.png>
Package pdftex.def Info: Pics/BIOSim.png used on input line 319.
(pdftex.def)             Requested size: 366.61879pt x 134.7531pt.
 <Pics/hiveplotEx1.png, id=91, 501.875pt x 501.875pt>
File: Pics/hiveplotEx1.png Graphic file (type png)
 <use Pics/hiveplotEx1.png>
Package pdftex.def Info: Pics/hiveplotEx1.png used on input line 330.
(pdftex.def)             Requested size: 250.93687pt x 250.93687pt.

LaTeX Warning: Citation `Krzywinski01092012' on page 12 undefined on input line
 345.

 [12] [13 <C:/Users/Viktor/Documents/GitHub/Exjobbs-rapport/Skelett/Pics/BIODef
ault.png>] [14 <C:/Users/Viktor/Documents/GitHub/Exjobbs-rapport/Skelett/Pics/B
IOSim.png> <C:/Users/Viktor/Documents/GitHub/Exjobbs-rapport/Skelett/Pics/hivep
lotEx1.png>]

LaTeX Warning: Citation `herman00' on page 15 undefined on input line 349.

 <Pics/TreeMapEx.png, id=102, 171.64125pt x 140.77594pt>
File: Pics/TreeMapEx.png Graphic file (type png)
 <use Pics/TreeMapEx.png>
Package pdftex.def Info: Pics/TreeMapEx.png used on input line 354.
(pdftex.def)             Requested size: 171.64081pt x 140.77557pt.

LaTeX Warning: Citation `kobourov' on page 15 undefined on input line 369.

 <Pics/GerbilSeudo.png, id=103, 462.22687pt x 550.30594pt>
File: Pics/GerbilSeudo.png Graphic file (type png)
 <use Pics/GerbilSeudo.png>
Package pdftex.def Info: Pics/GerbilSeudo.png used on input line 372.
(pdftex.def)             Requested size: 462.22574pt x 550.3046pt.

Overfull \hbox (66.22574pt too wide) in paragraph at lines 372--373
 [][] 
 []

 [15 <C:/Users/Viktor/Documents/GitHub/Exjobbs-rapport/Skelett/Pics/TreeMapEx.p
ng>]

LaTeX Warning: Citation `Shelley20121016' on page 16 undefined on input line 37
7.


<Pics/GerbilZoomTether.jpg, id=107, 212.97266pt x 105.527pt>
File: Pics/GerbilZoomTether.jpg Graphic file (type jpg)
 <use Pics/GerbilZoomTether.jpg>
Package pdftex.def Info: Pics/GerbilZoomTether.jpg used on input line 383.
(pdftex.def)             Requested size: 212.97212pt x 105.52672pt.

LaTeX Warning: Citation `Ware' on page 16 undefined on input line 388.


<Pics/GerbilPointOfView.jpg, id=108, 212.97266pt x 111.283pt>
File: Pics/GerbilPointOfView.jpg Graphic file (type jpg)
 <use Pics/GerbilPointOfView.jpg>
Package pdftex.def Info: Pics/GerbilPointOfView.jpg used on input line 393.
(pdftex.def)             Requested size: 212.97212pt x 111.28271pt.

Underfull \hbox (badness 10000) in paragraph at lines 388--398

 []

 [16] [17 <C:/Users/Viktor/Documents/GitHub/Exjobbs-rapport/Skelett/Pics/Gerbil
Seudo.png>]

LaTeX Warning: Citation `636718' on page 18 undefined on input line 400.


LaTeX Warning: Citation `Wolfe' on page 18 undefined on input line 400.


<Pics/HyperBolicGeom.png, id=116, 298.86656pt x 153.57375pt>
File: Pics/HyperBolicGeom.png Graphic file (type png)
 <use Pics/HyperBolicGeom.png>
Package pdftex.def Info: Pics/HyperBolicGeom.png used on input line 413.
(pdftex.def)             Requested size: 298.86581pt x 153.57336pt.

LaTeX Warning: Citation `herman00' on page 18 undefined on input line 423.


LaTeX Warning: Citation `636718' on page 18 undefined on input line 425.


LaTeX Warning: Citation `636718' on page 18 undefined on input line 426.

 [18 <C:/Users/Viktor/Documents/GitHub/Exjobbs-rapport/Skelett/Pics/GerbilZoomT
ether.jpg> <C:/Users/Viktor/Documents/GitHub/Exjobbs-rapport/Skelett/Pics/Gerbi
lPointOfView.jpg>]
<Pics/HyperBolicCone.png, id=120, 151.3153pt x 249.93375pt>
File: Pics/HyperBolicCone.png Graphic file (type png)
 <use Pics/HyperBolicCone.png>
Package pdftex.def Info: Pics/HyperBolicCone.png used on input line 432.
(pdftex.def)             Requested size: 151.31493pt x 249.93314pt.
 <Pics/HyperBolicHem.png, id=121, 180.675pt x 249.93375pt>
File: Pics/HyperBolicHem.png Graphic file (type png)
 <use Pics/HyperBolicHem.png>
Package pdftex.def Info: Pics/HyperBolicHem.png used on input line 440.
(pdftex.def)             Requested size: 180.67455pt x 249.93314pt.

<Pics/HyperBolicEx1.png, id=122, 277.78781pt x 249.93375pt>
File: Pics/HyperBolicEx1.png Graphic file (type png)
 <use Pics/HyperBolicEx1.png>
Package pdftex.def Info: Pics/HyperBolicEx1.png used on input line 448.
(pdftex.def)             Requested size: 277.78711pt x 249.93314pt.
 [19 <C:/Users/Viktor/Documents/GitHub/Exjobbs-rapport/Skelett/Pics/HyperBolicG
eom.png>] [20 <C:/Users/Viktor/Documents/GitHub/Exjobbs-rapport/Skelett/Pics/Hy
perBolicCone.png> <C:/Users/Viktor/Documents/GitHub/Exjobbs-rapport/Skelett/Pic
s/HyperBolicHem.png>] [21 <C:/Users/Viktor/Documents/GitHub/Exjobbs-rapport/Ske
lett/Pics/HyperBolicEx1.png>] [22

] [23]
C:/Users/Viktor/Documents/GitHub/Exjobbs-rapport/Skelett/VIKTOR-GUMMESSON-skele
tt.tex:480: You can't use `macro parameter character #' in horizontal mode
Sorry, but I'm not programmed to handle this case;
I'll just pretend that you didn't ask for it.
If you're in the wrong mode, you might be able to
return to the right one by typing `I}' or `I$' or `I\par'.


LaTeX Warning: Citation `website:VisualStudio' on page 24 undefined on input li
ne 480.


Overfull \hbox (13.04097pt too wide) in paragraph at lines 480--483
\T1/lmr/m/n/10.95 The im-ple-men-ta-tion was to be de-vel-oped in the pro-gram-
ming lan-guage C(C-sharp)(ref)
 []

 [24] [25

] [26

]


C:/Users/Viktor/Documents/GitHub/Exjobbs-rapport/Skelett/VIKTOR-GUMMESSON-skele
tt.tex:507: LaTeX Error: There's no line here to end.

See the LaTeX manual or LaTeX Companion for explanation.
Type  H <return>  for immediate help
Your command was ignored.
Type  I <command> <return>  to replace it with another command,
or  <return>  to continue without it.


(C:\Users\Viktor\Documents\GitHub\Exjobbs-rapport\Skelett\build\VIKTOR-GUMMESSO
N-skelett.bbl [27] [28

]
bibitemlist

LaTeX Warning: Empty `thebibliography' environment on input line 3.

) [29]
\tf@toc=\write4

(C:\Users\Viktor\Documents\GitHub\Exjobbs-rapport\Skelett\build\VIKTOR-GUMMESSO
N-skelett.aux


C:\Users\Viktor\Documents\GitHub\Exjobbs-rapport\Skelett\build\VIKTOR-GUMMESSON
-skelett.aux:12: Package babel Error: You haven't defined the language Swedish 
yet.

See the babel package documentation for explanation.
Type  H <return>  for immediate help
Your command will be ignored, type <return> to proceed

)

LaTeX Warning: There were undefined references.

 ) 
Here is how much of TeX's memory you used:
 5189 strings out of 493921
 70305 string characters out of 3144873
 153014 words of memory out of 3000000
 8395 multiletter control sequences out of 15000+200000
 79806 words of font info for 55 fonts, out of 3000000 for 9000
 841 hyphenation exceptions out of 8191
 30i,11n,29p,1245b,346s stack positions out of 5000i,500n,10000p,200000b,50000s
{C:/Program Files (x86)/MiKTeX 2.9/fonts/enc/dvips/lm/lm-mathit.enc}{C:/Progr
am Files (x86)/MiKTeX 2.9/fonts/enc/dvips/lm/lm-mathex.enc}{C:/Program Files (x
86)/MiKTeX 2.9/fonts/enc/dvips/lm/lm-mathsy.enc}{C:/Program Files (x86)/MiKTeX 
2.9/fonts/enc/dvips/lm/lm-rm.enc}{C:/Program Files (x86)/MiKTeX 2.9/fonts/enc/d
vips/lm/lm-ec.enc}{C:/Program Files (x86)/MiKTeX 2.9/fonts/enc/dvips/lm/lm-ts1.
enc}<C:/Program Files (x86)/MiKTeX 2.9/fonts/type1/public/lm/lmbx10.pfb><C:/Pro
gram Files (x86)/MiKTeX 2.9/fonts/type1/public/lm/lmbx9.pfb><C:/Program Files (
x86)/MiKTeX 2.9/fonts/type1/public/lm/lmex10.pfb><C:/Program Files (x86)/MiKTeX
 2.9/fonts/type1/public/lm/lmmi10.pfb><C:/Program Files (x86)/MiKTeX 2.9/fonts/
type1/public/lm/lmmi6.pfb><C:/Program Files (x86)/MiKTeX 2.9/fonts/type1/public
/lm/lmmi8.pfb><C:/Program Files (x86)/MiKTeX 2.9/fonts/type1/public/lm/lmr10.pf
b><C:/Program Files (x86)/MiKTeX 2.9/fonts/type1/public/lm/lmr6.pfb><C:/Program
 Files (x86)/MiKTeX 2.9/fonts/type1/public/lm/lmr8.pfb><C:/Program Files (x86)/
MiKTeX 2.9/fonts/type1/public/lm/lmr9.pfb><C:/Program Files (x86)/MiKTeX 2.9/fo
nts/type1/public/lm/lmri10.pfb><C:/Program Files (x86)/MiKTeX 2.9/fonts/type1/p
ublic/lm/lmss10.pfb><C:/Program Files (x86)/MiKTeX 2.9/fonts/type1/public/lm/lm
ss12.pfb><C:/Program Files (x86)/MiKTeX 2.9/fonts/type1/public/lm/lmssbx10.pfb>
<C:/Program Files (x86)/MiKTeX 2.9/fonts/type1/public/lm/lmssdc10.pfb><C:/Progr
am Files (x86)/MiKTeX 2.9/fonts/type1/public/lm/lmsy10.pfb><C:/Program Files (x
86)/MiKTeX 2.9/fonts/type1/public/lm/lmsy8.pfb>
Output written on C:/Users/Viktor/Documents/GitHub/Exjobbs-rapport/Skelett/buil
d/VIKTOR-GUMMESSON-skelett.pdf (35 pages, 2960808 bytes).
PDF statistics:
 220 PDF objects out of 1000 (max. 8388607)
 0 named destinations out of 1000 (max. 500000)
 86 words of extra memory for PDF output out of 10000 (max. 10000000)

